This is pdfTeX, Version 3.1415926-1.40.10 (TeX Live 2009/Debian) (format=latex 2012.4.14)  24 MAR 2014 10:53
entering extended mode
 %&-line parsing enabled.
**./images.tex
(./images.tex
LaTeX2e <2009/09/24>
Babel <v3.8l> and hyphenation patterns for english, usenglishmax, dumylang, noh
yphenation, french, basque, loaded.

(/usr/share/texmf-texlive/tex/latex/base/article.cls
Document Class: article 2007/10/19 v1.4h Standard LaTeX document class
(/usr/share/texmf-texlive/tex/latex/base/size12.clo
File: size12.clo 2007/10/19 v1.4h Standard LaTeX file (size option)
)
\c@part=\count79
\c@section=\count80
\c@subsection=\count81
\c@subsubsection=\count82
\c@paragraph=\count83
\c@subparagraph=\count84
\c@figure=\count85
\c@table=\count86
\abovecaptionskip=\skip41
\belowcaptionskip=\skip42
\bibindent=\dimen102
) (/usr/share/texmf-texlive/tex/latex/base/ifthen.sty
Package: ifthen 2001/05/26 v1.1c Standard LaTeX ifthen package (DPC)
) (/usr/share/texmf-texlive/tex/latex/graphics/color.sty
Package: color 2005/11/14 v1.0j Standard LaTeX Color (DPC)
(/etc/texmf/tex/latex/config/color.cfg
File: color.cfg 2007/01/18 v1.5 color configuration of teTeX/TeXLive
)
Package color Info: Driver file: dvips.def on input line 130.
(/usr/share/texmf-texlive/tex/latex/graphics/dvips.def
File: dvips.def 1999/02/16 v3.0i Driver-dependant file (DPC,SPQR)
) (/usr/share/texmf-texlive/tex/latex/graphics/dvipsnam.def
File: dvipsnam.def 1999/02/16 v3.0i Driver-dependant file (DPC,SPQR)
)) (/usr/share/texmf-texlive/tex/latex/base/inputenc.sty
Package: inputenc 2008/03/30 v1.1d Input encoding file
\inpenc@prehook=\toks14
\inpenc@posthook=\toks15
)
\sizebox=\box26
\lthtmlwrite=\write3
(./images.aux)
\openout1 = `images.aux'.

LaTeX Font Info:    Checking defaults for OML/cmm/m/it on input line 116.
LaTeX Font Info:    ... okay on input line 116.
LaTeX Font Info:    Checking defaults for T1/cmr/m/n on input line 116.
LaTeX Font Info:    ... okay on input line 116.
LaTeX Font Info:    Checking defaults for OT1/cmr/m/n on input line 116.
LaTeX Font Info:    ... okay on input line 116.
LaTeX Font Info:    Checking defaults for OMS/cmsy/m/n on input line 116.
LaTeX Font Info:    ... okay on input line 116.
LaTeX Font Info:    Checking defaults for OMX/cmex/m/n on input line 116.
LaTeX Font Info:    ... okay on input line 116.
LaTeX Font Info:    Checking defaults for U/cmr/m/n on input line 116.
LaTeX Font Info:    ... okay on input line 116.

latex2htmlLength hsize=349.0pt

latex2htmlLength vsize=632.5pt

latex2htmlLength hoffset=0.0pt

latex2htmlLength voffset=0.0pt

latex2htmlLength topmargin=0.0pt

latex2htmlLength topskip=0.00003pt

latex2htmlLength headheight=0.0pt

latex2htmlLength headsep=0.0pt

latex2htmlLength parskip=0.0pt plus 1.0pt

latex2htmlLength oddsidemargin=39.0pt

latex2htmlLength evensidemargin=39.0pt


LaTeX Font Warning: Font shape `OT1/cmr/m/n' in size <20> not available
(Font)              size <20.74> substituted on input line 140.


LaTeX Font Warning: Font shape `OML/cmm/m/it' in size <20> not available
(Font)              size <20.74> substituted on input line 140.


LaTeX Font Warning: Font shape `OMS/cmsy/m/n' in size <20> not available
(Font)              size <20.74> substituted on input line 140.

LaTeX Font Info:    External font `cmex10' loaded for size
(Font)              <20> on input line 140.
LaTeX Font Info:    External font `cmex10' loaded for size
(Font)              <14> on input line 140.
l2hSize :tex2html_wrap_inline11:16.03633pt::16.03633pt::84.83601pt.
[1



]
l2hSize :tex2html_wrap_inline13:16.03633pt::16.03633pt::84.54799pt.
[2


]
l2hSize :tex2html_wrap_inline15:16.03633pt::16.03633pt::87.23886pt.
[3


]
l2hSize :tex2html_wrap_inline17:16.03633pt::16.03633pt::86.80438pt.
[4


]
l2hSize :tex2html_wrap_inline19:16.03633pt::16.03633pt::84.83601pt.
[5


]
l2hSize :tex2html_wrap_inline21:16.03633pt::16.03633pt::83.6538pt.
[6


]
l2hSize :tex2html_wrap_inline23:16.03633pt::16.03633pt::86.34467pt.
[7


]
l2hSize :tex2html_wrap_inline25:16.03633pt::16.03633pt::85.91019pt.
[8


]
l2hSize :tex2html_wrap_inline27:16.03633pt::16.03633pt::84.54799pt.
[9


]
l2hSize :tex2html_wrap_inline29:16.03633pt::16.03633pt::83.6538pt.
[10


]
l2hSize :tex2html_wrap_inline31:16.03633pt::16.03633pt::86.05664pt.
[11


]
l2hSize :tex2html_wrap_inline33:16.03633pt::16.03633pt::85.62216pt.
[12


]
l2hSize :tex2html_wrap_inline35:16.03633pt::16.03633pt::87.23886pt.
[13


]
l2hSize :tex2html_wrap_inline37:16.03633pt::16.03633pt::86.34467pt.
[14


]
l2hSize :tex2html_wrap_inline39:16.03633pt::16.03633pt::86.05664pt.
[15


]
l2hSize :tex2html_wrap_inline41:16.03633pt::16.03633pt::88.31303pt.
[16


]
l2hSize :tex2html_wrap_inline43:16.03633pt::16.03633pt::86.80438pt.
[17


]
l2hSize :tex2html_wrap_inline45:16.03633pt::16.03633pt::85.91019pt.
[18


]
l2hSize :tex2html_wrap_inline47:16.03633pt::16.03633pt::85.62216pt.
[19


]
l2hSize :tex2html_wrap_inline49:16.03633pt::16.03633pt::88.31303pt.
[20


]
l2hSize :tex2html_wrap_inline51:16.03633pt::16.03633pt::86.03777pt.
[21


]
l2hSize :tex2html_wrap_inline53:16.03633pt::16.03633pt::85.74974pt.
[22


]
l2hSize :tex2html_wrap_inline55:16.03633pt::16.03633pt::88.44061pt.
[23


]
l2hSize :tex2html_wrap_inline57:16.03633pt::16.03633pt::88.00613pt.
[24


]
l2hSize :tex2html_wrap_inline59:16.03633pt::16.03633pt::86.03777pt.
[25


]
l2hSize :tex2html_wrap_inline61:16.03633pt::16.03633pt::84.85555pt.
[26


]
l2hSize :tex2html_wrap_inline63:16.03633pt::16.03633pt::87.54642pt.
[27


]
l2hSize :tex2html_wrap_inline65:16.03633pt::16.03633pt::87.11194pt.
[28


]
l2hSize :tex2html_wrap_inline67:16.03633pt::16.03633pt::85.74974pt.
[29


]
l2hSize :tex2html_wrap_inline69:16.03633pt::16.03633pt::84.85555pt.
[30


]
l2hSize :tex2html_wrap_inline71:16.03633pt::16.03633pt::87.25839pt.
[31


]
l2hSize :tex2html_wrap_inline73:16.03633pt::16.03633pt::86.82391pt.
[32


]
l2hSize :tex2html_wrap_inline75:16.03633pt::16.03633pt::88.44061pt.
[33


]
l2hSize :tex2html_wrap_inline77:16.03633pt::16.03633pt::87.54642pt.
[34


]
l2hSize :tex2html_wrap_inline79:16.03633pt::16.03633pt::87.25839pt.
[35


]
l2hSize :tex2html_wrap_inline81:16.03633pt::16.03633pt::89.51479pt.
[36


]
l2hSize :tex2html_wrap_inline83:16.03633pt::16.03633pt::88.00613pt.
[37


]
l2hSize :tex2html_wrap_inline85:16.03633pt::16.03633pt::87.11194pt.
[38


]
l2hSize :tex2html_wrap_inline87:16.03633pt::16.03633pt::86.82391pt.
[39


]
l2hSize :tex2html_wrap_inline89:16.03633pt::16.03633pt::89.51479pt.
[40


]
l2hSize :tex2html_wrap_inline91:16.03633pt::16.03633pt::66.32985pt.
[41


]
l2hSize :tex2html_wrap_inline93:16.03633pt::16.03633pt::66.04182pt.
[42


]
l2hSize :tex2html_wrap_inline95:16.03633pt::16.03633pt::68.7327pt.
[43


]
l2hSize :tex2html_wrap_inline97:16.03633pt::16.03633pt::68.29822pt.
[44


]
l2hSize :tex2html_wrap_inline99:16.03633pt::16.03633pt::66.32985pt.
[45


]
l2hSize :tex2html_wrap_inline101:16.03633pt::16.03633pt::65.14763pt.
[46


]
l2hSize :tex2html_wrap_inline103:16.03633pt::16.03633pt::67.8385pt.
[47


]
l2hSize :tex2html_wrap_inline105:16.03633pt::16.03633pt::67.40402pt.
[48


]
l2hSize :tex2html_wrap_inline107:16.03633pt::16.03633pt::66.04182pt.
[49


]
l2hSize :tex2html_wrap_inline109:16.03633pt::16.03633pt::65.14763pt.
[50


]
l2hSize :tex2html_wrap_inline111:16.03633pt::16.03633pt::67.55048pt.
[51


]
l2hSize :tex2html_wrap_inline113:16.03633pt::16.03633pt::67.116pt.
[52


]
l2hSize :tex2html_wrap_inline115:16.03633pt::16.03633pt::68.7327pt.
[53


]
l2hSize :tex2html_wrap_inline117:16.03633pt::16.03633pt::67.8385pt.
[54


]
l2hSize :tex2html_wrap_inline119:16.03633pt::16.03633pt::67.55048pt.
[55


]
l2hSize :tex2html_wrap_inline121:16.03633pt::16.03633pt::69.80687pt.
[56


]
l2hSize :tex2html_wrap_inline123:16.03633pt::16.03633pt::68.29822pt.
[57


]
l2hSize :tex2html_wrap_inline125:16.03633pt::16.03633pt::67.40402pt.
[58


]
l2hSize :tex2html_wrap_inline127:16.03633pt::16.03633pt::67.116pt.
[59


]
l2hSize :tex2html_wrap_inline129:16.03633pt::16.03633pt::69.80687pt.
[60


]
l2hSize :tex2html_wrap_inline131:16.03633pt::16.03633pt::99.52534pt.
[61


]
l2hSize :tex2html_wrap_inline133:16.03633pt::16.03633pt::99.23732pt.
[62


]
l2hSize :tex2html_wrap_inline135:16.03633pt::16.03633pt::101.92819pt.
[63


]
l2hSize :tex2html_wrap_inline137:16.03633pt::16.03633pt::101.49371pt.
[64


]
l2hSize :tex2html_wrap_inline139:16.03633pt::16.03633pt::99.52534pt.
[65


]
l2hSize :tex2html_wrap_inline141:16.03633pt::16.03633pt::98.34312pt.
[66


]
l2hSize :tex2html_wrap_inline143:16.03633pt::16.03633pt::101.034pt.
[67


]
l2hSize :tex2html_wrap_inline145:16.03633pt::16.03633pt::100.59952pt.
[68


]
l2hSize :tex2html_wrap_inline147:16.03633pt::16.03633pt::99.23732pt.
[69


]
l2hSize :tex2html_wrap_inline149:16.03633pt::16.03633pt::98.34312pt.
[70


]
l2hSize :tex2html_wrap_inline151:16.03633pt::16.03633pt::100.74597pt.
[71


]
l2hSize :tex2html_wrap_inline153:16.03633pt::16.03633pt::100.3115pt.
[72


]
l2hSize :tex2html_wrap_inline155:16.03633pt::16.03633pt::101.92819pt.
[73


]
l2hSize :tex2html_wrap_inline157:16.03633pt::16.03633pt::101.034pt.
[74


]
l2hSize :tex2html_wrap_inline159:16.03633pt::16.03633pt::100.74597pt.
[75


]
l2hSize :tex2html_wrap_inline161:16.03633pt::16.03633pt::103.00237pt.
[76


]
l2hSize :tex2html_wrap_inline163:16.03633pt::16.03633pt::101.49371pt.
[77


]
l2hSize :tex2html_wrap_inline165:16.03633pt::16.03633pt::100.59952pt.
[78


]
l2hSize :tex2html_wrap_inline167:16.03633pt::16.03633pt::100.3115pt.
[79


]
l2hSize :tex2html_wrap_inline169:16.03633pt::16.03633pt::103.00237pt.
[80


]
l2hSize :tex2html_wrap_inline171:16.03633pt::16.03633pt::100.7271pt.
[81


]
l2hSize :tex2html_wrap_inline173:16.03633pt::16.03633pt::100.43907pt.
[82


]
l2hSize :tex2html_wrap_inline175:16.03633pt::16.03633pt::103.12994pt.
[83


]
l2hSize :tex2html_wrap_inline177:16.03633pt::16.03633pt::102.69547pt.
[84


]
l2hSize :tex2html_wrap_inline179:16.03633pt::16.03633pt::100.7271pt.
[85


]
l2hSize :tex2html_wrap_inline181:16.03633pt::16.03633pt::99.54488pt.
[86


]
l2hSize :tex2html_wrap_inline183:16.03633pt::16.03633pt::102.23575pt.
[87


]
l2hSize :tex2html_wrap_inline185:16.03633pt::16.03633pt::101.80127pt.
[88


]
l2hSize :tex2html_wrap_inline187:16.03633pt::16.03633pt::100.43907pt.
[89


]
l2hSize :tex2html_wrap_inline189:16.03633pt::16.03633pt::99.54488pt.
[90


]
l2hSize :tex2html_wrap_inline191:16.03633pt::16.03633pt::101.94772pt.
[91


]
l2hSize :tex2html_wrap_inline193:16.03633pt::16.03633pt::101.51324pt.
[92


]
l2hSize :tex2html_wrap_inline195:16.03633pt::16.03633pt::103.12994pt.
[93


]
l2hSize :tex2html_wrap_inline197:16.03633pt::16.03633pt::102.23575pt.
[94


]
l2hSize :tex2html_wrap_inline199:16.03633pt::16.03633pt::101.94772pt.
[95


]
l2hSize :tex2html_wrap_inline201:16.03633pt::16.03633pt::104.20412pt.
[96


]
l2hSize :tex2html_wrap_inline203:16.03633pt::16.03633pt::102.69547pt.
[97


]
l2hSize :tex2html_wrap_inline205:16.03633pt::16.03633pt::101.80127pt.
[98


]
l2hSize :tex2html_wrap_inline207:16.03633pt::16.03633pt::101.51324pt.
[99


]
l2hSize :tex2html_wrap_inline209:16.03633pt::16.03633pt::104.20412pt.
[100


]
l2hSize :tex2html_wrap_inline211:16.03633pt::16.03633pt::81.01918pt.
[101


]
l2hSize :tex2html_wrap_inline213:16.03633pt::16.03633pt::80.73116pt.
[102


]
l2hSize :tex2html_wrap_inline215:16.03633pt::16.03633pt::83.42203pt.
[103


]
l2hSize :tex2html_wrap_inline217:16.03633pt::16.03633pt::82.98755pt.
[104


]
l2hSize :tex2html_wrap_inline219:16.03633pt::16.03633pt::81.01918pt.
[105


]
l2hSize :tex2html_wrap_inline221:16.03633pt::16.03633pt::79.83696pt.
[106


]
l2hSize :tex2html_wrap_inline223:16.03633pt::16.03633pt::82.52783pt.
[107


]
l2hSize :tex2html_wrap_inline225:16.03633pt::16.03633pt::82.09335pt.
[108


]
l2hSize :tex2html_wrap_inline227:16.03633pt::16.03633pt::80.73116pt.
[109


]
l2hSize :tex2html_wrap_inline229:16.03633pt::16.03633pt::79.83696pt.
[110


]
l2hSize :tex2html_wrap_inline231:16.03633pt::16.03633pt::82.2398pt.
[111


]
l2hSize :tex2html_wrap_inline233:16.03633pt::16.03633pt::81.80533pt.
[112


]
l2hSize :tex2html_wrap_inline235:16.03633pt::16.03633pt::83.42203pt.
[113


]
l2hSize :tex2html_wrap_inline237:16.03633pt::16.03633pt::82.52783pt.
[114


]
l2hSize :tex2html_wrap_inline239:16.03633pt::16.03633pt::82.2398pt.
[115


]
l2hSize :tex2html_wrap_inline241:16.03633pt::16.03633pt::84.4962pt.
[116


]
l2hSize :tex2html_wrap_inline243:16.03633pt::16.03633pt::82.98755pt.
[117


]
l2hSize :tex2html_wrap_inline245:16.03633pt::16.03633pt::82.09335pt.
[118


]
l2hSize :tex2html_wrap_inline247:16.03633pt::16.03633pt::81.80533pt.
[119


]
l2hSize :tex2html_wrap_inline249:16.03633pt::16.03633pt::84.4962pt.
[120


]
l2hSize :tex2html_wrap_inline251:16.03633pt::16.03633pt::87.00308pt.
[121


]
l2hSize :tex2html_wrap_inline253:16.03633pt::16.03633pt::86.71506pt.
[122


]
l2hSize :tex2html_wrap_inline255:16.03633pt::16.03633pt::89.40593pt.
[123


]
l2hSize :tex2html_wrap_inline257:16.03633pt::16.03633pt::88.97145pt.
[124


]
l2hSize :tex2html_wrap_inline259:16.03633pt::16.03633pt::87.00308pt.
[125


]
l2hSize :tex2html_wrap_inline261:16.03633pt::16.03633pt::85.82086pt.
[126


]
l2hSize :tex2html_wrap_inline263:16.03633pt::16.03633pt::88.51173pt.
[127


]
l2hSize :tex2html_wrap_inline265:16.03633pt::16.03633pt::88.07726pt.
[128


]
l2hSize :tex2html_wrap_inline267:16.03633pt::16.03633pt::86.71506pt.
[129


]
l2hSize :tex2html_wrap_inline269:16.03633pt::16.03633pt::85.82086pt.
[130


]
l2hSize :tex2html_wrap_inline271:16.03633pt::16.03633pt::88.22371pt.
[131


]
l2hSize :tex2html_wrap_inline273:16.03633pt::16.03633pt::87.78923pt.
[132


]
l2hSize :tex2html_wrap_inline275:16.03633pt::16.03633pt::89.40593pt.
[133


]
l2hSize :tex2html_wrap_inline277:16.03633pt::16.03633pt::88.51173pt.
[134


]
l2hSize :tex2html_wrap_inline279:16.03633pt::16.03633pt::88.22371pt.
[135


]
l2hSize :tex2html_wrap_inline281:16.03633pt::16.03633pt::90.4801pt.
[136


]
l2hSize :tex2html_wrap_inline283:16.03633pt::16.03633pt::88.97145pt.
[137


]
l2hSize :tex2html_wrap_inline285:16.03633pt::16.03633pt::88.07726pt.
[138


]
l2hSize :tex2html_wrap_inline287:16.03633pt::16.03633pt::87.78923pt.
[139


]
l2hSize :tex2html_wrap_inline289:16.03633pt::16.03633pt::90.4801pt.
[140


]
l2hSize :tex2html_wrap_inline291:16.03633pt::16.03633pt::88.20483pt.
[141


]
l2hSize :tex2html_wrap_inline293:16.03633pt::16.03633pt::87.91681pt.
[142


]
l2hSize :tex2html_wrap_inline295:16.03633pt::16.03633pt::90.60768pt.
[143


]
l2hSize :tex2html_wrap_inline297:16.03633pt::16.03633pt::90.1732pt.
[144


]
l2hSize :tex2html_wrap_inline299:16.03633pt::16.03633pt::88.20483pt.
[145


]
l2hSize :tex2html_wrap_inline301:16.03633pt::16.03633pt::87.02261pt.
[146


]
l2hSize :tex2html_wrap_inline303:16.03633pt::16.03633pt::89.71349pt.
[147


]
l2hSize :tex2html_wrap_inline305:16.03633pt::16.03633pt::89.279pt.
[148


]
l2hSize :tex2html_wrap_inline307:16.03633pt::16.03633pt::87.91681pt.
[149


]
l2hSize :tex2html_wrap_inline309:16.03633pt::16.03633pt::87.02261pt.
[150


]
l2hSize :tex2html_wrap_inline311:16.03633pt::16.03633pt::89.42546pt.
[151


]
l2hSize :tex2html_wrap_inline313:16.03633pt::16.03633pt::88.99098pt.
[152


]
l2hSize :tex2html_wrap_inline315:16.03633pt::16.03633pt::90.60768pt.
[153


]
l2hSize :tex2html_wrap_inline317:16.03633pt::16.03633pt::89.71349pt.
[154


]
l2hSize :tex2html_wrap_inline319:16.03633pt::16.03633pt::89.42546pt.
[155


]
l2hSize :tex2html_wrap_inline321:16.03633pt::16.03633pt::91.68185pt.
[156


]
l2hSize :tex2html_wrap_inline323:16.03633pt::16.03633pt::90.1732pt.
[157


]
l2hSize :tex2html_wrap_inline325:16.03633pt::16.03633pt::89.279pt.
[158


]
l2hSize :tex2html_wrap_inline327:16.03633pt::16.03633pt::88.99098pt.
[159


]
l2hSize :tex2html_wrap_inline329:16.03633pt::16.03633pt::91.68185pt.
[160


]
l2hSize :tex2html_wrap_inline331:16.03633pt::16.03633pt::68.49692pt.
[161


]
l2hSize :tex2html_wrap_inline333:16.03633pt::16.03633pt::68.2089pt.
[162


]
l2hSize :tex2html_wrap_inline335:16.03633pt::16.03633pt::70.89977pt.
[163


]
l2hSize :tex2html_wrap_inline337:16.03633pt::16.03633pt::70.46529pt.
[164


]
l2hSize :tex2html_wrap_inline339:16.03633pt::16.03633pt::68.49692pt.
[165


]
l2hSize :tex2html_wrap_inline341:16.03633pt::16.03633pt::67.3147pt.
[166


]
l2hSize :tex2html_wrap_inline343:16.03633pt::16.03633pt::70.00557pt.
[167


]
l2hSize :tex2html_wrap_inline345:16.03633pt::16.03633pt::69.57109pt.
[168


]
l2hSize :tex2html_wrap_inline347:16.03633pt::16.03633pt::68.2089pt.
[169


]
l2hSize :tex2html_wrap_inline349:16.03633pt::16.03633pt::67.3147pt.
[170


]
l2hSize :tex2html_wrap_inline351:16.03633pt::16.03633pt::69.71754pt.
[171


]
l2hSize :tex2html_wrap_inline353:16.03633pt::16.03633pt::69.28307pt.
[172


]
l2hSize :tex2html_wrap_inline355:16.03633pt::16.03633pt::70.89977pt.
[173


]
l2hSize :tex2html_wrap_inline357:16.03633pt::16.03633pt::70.00557pt.
[174


]
l2hSize :tex2html_wrap_inline359:16.03633pt::16.03633pt::69.71754pt.
[175


]
l2hSize :tex2html_wrap_inline361:16.03633pt::16.03633pt::71.97394pt.
[176


]
l2hSize :tex2html_wrap_inline363:16.03633pt::16.03633pt::70.46529pt.
[177


]
l2hSize :tex2html_wrap_inline365:16.03633pt::16.03633pt::69.57109pt.
[178


]
l2hSize :tex2html_wrap_inline367:16.03633pt::16.03633pt::69.28307pt.
[179


]
l2hSize :tex2html_wrap_inline369:16.03633pt::16.03633pt::71.97394pt.
[180


]
l2hSize :tex2html_wrap_inline371:16.03633pt::16.03633pt::101.69241pt.
[181


]
l2hSize :tex2html_wrap_inline373:16.03633pt::16.03633pt::101.40439pt.
[182


]
l2hSize :tex2html_wrap_inline375:16.03633pt::16.03633pt::104.09526pt.
[183


]
l2hSize :tex2html_wrap_inline377:16.03633pt::16.03633pt::103.66078pt.
[184


]
l2hSize :tex2html_wrap_inline379:16.03633pt::16.03633pt::101.69241pt.
[185


]
l2hSize :tex2html_wrap_inline381:16.03633pt::16.03633pt::100.5102pt.
[186


]
l2hSize :tex2html_wrap_inline383:16.03633pt::16.03633pt::103.20107pt.
[187


]
l2hSize :tex2html_wrap_inline385:16.03633pt::16.03633pt::102.76659pt.
[188


]
l2hSize :tex2html_wrap_inline387:16.03633pt::16.03633pt::101.40439pt.
[189


]
l2hSize :tex2html_wrap_inline389:16.03633pt::16.03633pt::100.5102pt.
[190


]
l2hSize :tex2html_wrap_inline391:16.03633pt::16.03633pt::102.91304pt.
[191


]
l2hSize :tex2html_wrap_inline393:16.03633pt::16.03633pt::102.47856pt.
[192


]
l2hSize :tex2html_wrap_inline395:16.03633pt::16.03633pt::104.09526pt.
[193


]
l2hSize :tex2html_wrap_inline397:16.03633pt::16.03633pt::103.20107pt.
[194


]
l2hSize :tex2html_wrap_inline399:16.03633pt::16.03633pt::102.91304pt.
[195


]
l2hSize :tex2html_wrap_inline401:16.03633pt::16.03633pt::105.16943pt.
[196


]
l2hSize :tex2html_wrap_inline403:16.03633pt::16.03633pt::103.66078pt.
[197


]
l2hSize :tex2html_wrap_inline405:16.03633pt::16.03633pt::102.76659pt.
[198


]
l2hSize :tex2html_wrap_inline407:16.03633pt::16.03633pt::102.47856pt.
[199


]
l2hSize :tex2html_wrap_inline409:16.03633pt::16.03633pt::105.16943pt.
[200


]
l2hSize :tex2html_wrap_inline411:16.03633pt::16.03633pt::102.89417pt.
[201


]
l2hSize :tex2html_wrap_inline413:16.03633pt::16.03633pt::102.60614pt.
[202


]
l2hSize :tex2html_wrap_inline415:16.03633pt::16.03633pt::105.29701pt.
[203


]
l2hSize :tex2html_wrap_inline417:16.03633pt::16.03633pt::104.86253pt.
[204


]
l2hSize :tex2html_wrap_inline419:16.03633pt::16.03633pt::102.89417pt.
[205


]
l2hSize :tex2html_wrap_inline421:16.03633pt::16.03633pt::101.71194pt.
[206


]
l2hSize :tex2html_wrap_inline423:16.03633pt::16.03633pt::104.40282pt.
[207


]
l2hSize :tex2html_wrap_inline425:16.03633pt::16.03633pt::103.96834pt.
[208


]
l2hSize :tex2html_wrap_inline427:16.03633pt::16.03633pt::102.60614pt.
[209


]
l2hSize :tex2html_wrap_inline429:16.03633pt::16.03633pt::101.71194pt.
[210


]
l2hSize :tex2html_wrap_inline431:16.03633pt::16.03633pt::104.11479pt.
[211


]
l2hSize :tex2html_wrap_inline433:16.03633pt::16.03633pt::103.68031pt.
[212


]
l2hSize :tex2html_wrap_inline435:16.03633pt::16.03633pt::105.29701pt.
[213


]
l2hSize :tex2html_wrap_inline437:16.03633pt::16.03633pt::104.40282pt.
[214


]
l2hSize :tex2html_wrap_inline439:16.03633pt::16.03633pt::104.11479pt.
[215


]
l2hSize :tex2html_wrap_inline441:16.03633pt::16.03633pt::106.37119pt.
[216


]
l2hSize :tex2html_wrap_inline443:16.03633pt::16.03633pt::104.86253pt.
[217


]
l2hSize :tex2html_wrap_inline445:16.03633pt::16.03633pt::103.96834pt.
[218


]
l2hSize :tex2html_wrap_inline447:16.03633pt::16.03633pt::103.68031pt.
[219


]
l2hSize :tex2html_wrap_inline449:16.03633pt::16.03633pt::106.37119pt.
[220


]
l2hSize :tex2html_wrap_inline451:16.03633pt::16.03633pt::83.18625pt.
[221


]
l2hSize :tex2html_wrap_inline453:16.03633pt::16.03633pt::82.89822pt.
[222


]
l2hSize :tex2html_wrap_inline455:16.03633pt::16.03633pt::85.5891pt.
[223


]
l2hSize :tex2html_wrap_inline457:16.03633pt::16.03633pt::85.15462pt.
[224


]
l2hSize :tex2html_wrap_inline459:16.03633pt::16.03633pt::83.18625pt.
[225


]
l2hSize :tex2html_wrap_inline461:16.03633pt::16.03633pt::82.00403pt.
[226


]
l2hSize :tex2html_wrap_inline463:16.03633pt::16.03633pt::84.6949pt.
[227


]
l2hSize :tex2html_wrap_inline465:16.03633pt::16.03633pt::84.26042pt.
[228


]
l2hSize :tex2html_wrap_inline467:16.03633pt::16.03633pt::82.89822pt.
[229


]
l2hSize :tex2html_wrap_inline469:16.03633pt::16.03633pt::82.00403pt.
[230


]
l2hSize :tex2html_wrap_inline471:16.03633pt::16.03633pt::84.40688pt.
[231


]
l2hSize :tex2html_wrap_inline473:16.03633pt::16.03633pt::83.9724pt.
[232


]
l2hSize :tex2html_wrap_inline475:16.03633pt::16.03633pt::85.5891pt.
[233


]
l2hSize :tex2html_wrap_inline477:16.03633pt::16.03633pt::84.6949pt.
[234


]
l2hSize :tex2html_wrap_inline479:16.03633pt::16.03633pt::84.40688pt.
[235


]
l2hSize :tex2html_wrap_inline481:16.03633pt::16.03633pt::86.66327pt.
[236


]
l2hSize :tex2html_wrap_inline483:16.03633pt::16.03633pt::85.15462pt.
[237


]
l2hSize :tex2html_wrap_inline485:16.03633pt::16.03633pt::84.26042pt.
[238


]
l2hSize :tex2html_wrap_inline487:16.03633pt::16.03633pt::83.9724pt.
[239


]
l2hSize :tex2html_wrap_inline489:16.03633pt::16.03633pt::86.66327pt.
[240


]
l2hSize :tex2html_wrap_inline491:16.03633pt::16.03633pt::77.38298pt.
[241


]
l2hSize :tex2html_wrap_inline493:16.03633pt::16.03633pt::77.09496pt.
[242


]
l2hSize :tex2html_wrap_inline495:16.03633pt::16.03633pt::79.78583pt.
[243


]
l2hSize :tex2html_wrap_inline497:16.03633pt::16.03633pt::79.35135pt.
[244


]
l2hSize :tex2html_wrap_inline499:16.03633pt::16.03633pt::77.38298pt.
[245


]
l2hSize :tex2html_wrap_inline501:16.03633pt::16.03633pt::76.20076pt.
[246


]
l2hSize :tex2html_wrap_inline503:16.03633pt::16.03633pt::78.89163pt.
[247


]
l2hSize :tex2html_wrap_inline505:16.03633pt::16.03633pt::78.45715pt.
[248


]
l2hSize :tex2html_wrap_inline507:16.03633pt::16.03633pt::77.09496pt.
[249


]
l2hSize :tex2html_wrap_inline509:16.03633pt::16.03633pt::76.20076pt.
[250


]
l2hSize :tex2html_wrap_inline511:16.03633pt::16.03633pt::78.6036pt.
[251


]
l2hSize :tex2html_wrap_inline513:16.03633pt::16.03633pt::78.16913pt.
[252


]
l2hSize :tex2html_wrap_inline515:16.03633pt::16.03633pt::79.78583pt.
[253


]
l2hSize :tex2html_wrap_inline517:16.03633pt::16.03633pt::78.89163pt.
[254


]
l2hSize :tex2html_wrap_inline519:16.03633pt::16.03633pt::78.6036pt.
[255


]
l2hSize :tex2html_wrap_inline521:16.03633pt::16.03633pt::80.86pt.
[256


]
l2hSize :tex2html_wrap_inline523:16.03633pt::16.03633pt::79.35135pt.
[257


]
l2hSize :tex2html_wrap_inline525:16.03633pt::16.03633pt::78.45715pt.
[258


]
l2hSize :tex2html_wrap_inline527:16.03633pt::16.03633pt::78.16913pt.
[259


]
l2hSize :tex2html_wrap_inline529:16.03633pt::16.03633pt::80.86pt.
[260


]
l2hSize :tex2html_wrap_inline531:16.03633pt::16.03633pt::78.58473pt.
[261


]
l2hSize :tex2html_wrap_inline533:16.03633pt::16.03633pt::78.2967pt.
[262


]
l2hSize :tex2html_wrap_inline535:16.03633pt::16.03633pt::80.98758pt.
[263


]
l2hSize :tex2html_wrap_inline537:16.03633pt::16.03633pt::80.5531pt.
[264


]
l2hSize :tex2html_wrap_inline539:16.03633pt::16.03633pt::78.58473pt.
[265


]
l2hSize :tex2html_wrap_inline541:16.03633pt::16.03633pt::77.40251pt.
[266


]
l2hSize :tex2html_wrap_inline543:16.03633pt::16.03633pt::80.09338pt.
[267


]
l2hSize :tex2html_wrap_inline545:16.03633pt::16.03633pt::79.6589pt.
[268


]
l2hSize :tex2html_wrap_inline547:16.03633pt::16.03633pt::78.2967pt.
[269


]
l2hSize :tex2html_wrap_inline549:16.03633pt::16.03633pt::77.40251pt.
[270


]
l2hSize :tex2html_wrap_inline551:16.03633pt::16.03633pt::79.80536pt.
[271


]
l2hSize :tex2html_wrap_inline553:16.03633pt::16.03633pt::79.37088pt.
[272


]
l2hSize :tex2html_wrap_inline555:16.03633pt::16.03633pt::80.98758pt.
[273


]
l2hSize :tex2html_wrap_inline557:16.03633pt::16.03633pt::80.09338pt.
[274


]
l2hSize :tex2html_wrap_inline559:16.03633pt::16.03633pt::79.80536pt.
[275


]
l2hSize :tex2html_wrap_inline561:16.03633pt::16.03633pt::82.06175pt.
[276


]
l2hSize :tex2html_wrap_inline563:16.03633pt::16.03633pt::80.5531pt.
[277


]
l2hSize :tex2html_wrap_inline565:16.03633pt::16.03633pt::79.6589pt.
[278


]
l2hSize :tex2html_wrap_inline567:16.03633pt::16.03633pt::79.37088pt.
[279


]
l2hSize :tex2html_wrap_inline569:16.03633pt::16.03633pt::82.06175pt.
[280


]
l2hSize :tex2html_wrap_inline571:16.03633pt::16.03633pt::58.87682pt.
[281


]
l2hSize :tex2html_wrap_inline573:16.03633pt::16.03633pt::58.58879pt.
[282


]
l2hSize :tex2html_wrap_inline575:16.03633pt::16.03633pt::61.27966pt.
[283


]
l2hSize :tex2html_wrap_inline577:16.03633pt::16.03633pt::60.84518pt.
[284


]
l2hSize :tex2html_wrap_inline579:16.03633pt::16.03633pt::58.87682pt.
[285


]
l2hSize :tex2html_wrap_inline581:16.03633pt::16.03633pt::57.6946pt.
[286


]
l2hSize :tex2html_wrap_inline583:16.03633pt::16.03633pt::60.38547pt.
[287


]
l2hSize :tex2html_wrap_inline585:16.03633pt::16.03633pt::59.95099pt.
[288


]
l2hSize :tex2html_wrap_inline587:16.03633pt::16.03633pt::58.58879pt.
[289


]
l2hSize :tex2html_wrap_inline589:16.03633pt::16.03633pt::57.6946pt.
[290


]
l2hSize :tex2html_wrap_inline591:16.03633pt::16.03633pt::60.09744pt.
[291


]
l2hSize :tex2html_wrap_inline593:16.03633pt::16.03633pt::59.66296pt.
[292


]
l2hSize :tex2html_wrap_inline595:16.03633pt::16.03633pt::61.27966pt.
[293


]
l2hSize :tex2html_wrap_inline597:16.03633pt::16.03633pt::60.38547pt.
[294


]
l2hSize :tex2html_wrap_inline599:16.03633pt::16.03633pt::60.09744pt.
[295


]
l2hSize :tex2html_wrap_inline601:16.03633pt::16.03633pt::62.35384pt.
[296


]
l2hSize :tex2html_wrap_inline603:16.03633pt::16.03633pt::60.84518pt.
[297


]
l2hSize :tex2html_wrap_inline605:16.03633pt::16.03633pt::59.95099pt.
[298


]
l2hSize :tex2html_wrap_inline607:16.03633pt::16.03633pt::59.66296pt.
[299


]
l2hSize :tex2html_wrap_inline609:16.03633pt::16.03633pt::62.35384pt.
[300


]
l2hSize :tex2html_wrap_inline611:16.03633pt::16.03633pt::92.07231pt.
[301


]
l2hSize :tex2html_wrap_inline613:16.03633pt::16.03633pt::91.78429pt.
[302


]
l2hSize :tex2html_wrap_inline615:16.03633pt::16.03633pt::94.47516pt.
[303


]
l2hSize :tex2html_wrap_inline617:16.03633pt::16.03633pt::94.04068pt.
[304


]
l2hSize :tex2html_wrap_inline619:16.03633pt::16.03633pt::92.07231pt.
[305


]
l2hSize :tex2html_wrap_inline621:16.03633pt::16.03633pt::90.89009pt.
[306


]
l2hSize :tex2html_wrap_inline623:16.03633pt::16.03633pt::93.58096pt.
[307


]
l2hSize :tex2html_wrap_inline625:16.03633pt::16.03633pt::93.14648pt.
[308


]
l2hSize :tex2html_wrap_inline627:16.03633pt::16.03633pt::91.78429pt.
[309


]
l2hSize :tex2html_wrap_inline629:16.03633pt::16.03633pt::90.89009pt.
[310


]
l2hSize :tex2html_wrap_inline631:16.03633pt::16.03633pt::93.29294pt.
[311


]
l2hSize :tex2html_wrap_inline633:16.03633pt::16.03633pt::92.85846pt.
[312


]
l2hSize :tex2html_wrap_inline635:16.03633pt::16.03633pt::94.47516pt.
[313


]
l2hSize :tex2html_wrap_inline637:16.03633pt::16.03633pt::93.58096pt.
[314


]
l2hSize :tex2html_wrap_inline639:16.03633pt::16.03633pt::93.29294pt.
[315


]
l2hSize :tex2html_wrap_inline641:16.03633pt::16.03633pt::95.54933pt.
[316


]
l2hSize :tex2html_wrap_inline643:16.03633pt::16.03633pt::94.04068pt.
[317


]
l2hSize :tex2html_wrap_inline645:16.03633pt::16.03633pt::93.14648pt.
[318


]
l2hSize :tex2html_wrap_inline647:16.03633pt::16.03633pt::92.85846pt.
[319


]
l2hSize :tex2html_wrap_inline649:16.03633pt::16.03633pt::95.54933pt.
[320


]
l2hSize :tex2html_wrap_inline651:16.03633pt::16.03633pt::93.27406pt.
[321


]
l2hSize :tex2html_wrap_inline653:16.03633pt::16.03633pt::92.98604pt.
[322


]
l2hSize :tex2html_wrap_inline655:16.03633pt::16.03633pt::95.67691pt.
[323


]
l2hSize :tex2html_wrap_inline657:16.03633pt::16.03633pt::95.24243pt.
[324


]
l2hSize :tex2html_wrap_inline659:16.03633pt::16.03633pt::93.27406pt.
[325


]
l2hSize :tex2html_wrap_inline661:16.03633pt::16.03633pt::92.09184pt.
[326


]
l2hSize :tex2html_wrap_inline663:16.03633pt::16.03633pt::94.78271pt.
[327


]
l2hSize :tex2html_wrap_inline665:16.03633pt::16.03633pt::94.34824pt.
[328


]
l2hSize :tex2html_wrap_inline667:16.03633pt::16.03633pt::92.98604pt.
[329


]
l2hSize :tex2html_wrap_inline669:16.03633pt::16.03633pt::92.09184pt.
[330


]
l2hSize :tex2html_wrap_inline671:16.03633pt::16.03633pt::94.49469pt.
[331


]
l2hSize :tex2html_wrap_inline673:16.03633pt::16.03633pt::94.06021pt.
[332


]
l2hSize :tex2html_wrap_inline675:16.03633pt::16.03633pt::95.67691pt.
[333


]
l2hSize :tex2html_wrap_inline677:16.03633pt::16.03633pt::94.78271pt.
[334


]
l2hSize :tex2html_wrap_inline679:16.03633pt::16.03633pt::94.49469pt.
[335


]
l2hSize :tex2html_wrap_inline681:16.03633pt::16.03633pt::96.75108pt.
[336


]
l2hSize :tex2html_wrap_inline683:16.03633pt::16.03633pt::95.24243pt.
[337


]
l2hSize :tex2html_wrap_inline685:16.03633pt::16.03633pt::94.34824pt.
[338


]
l2hSize :tex2html_wrap_inline687:16.03633pt::16.03633pt::94.06021pt.
[339


]
l2hSize :tex2html_wrap_inline689:16.03633pt::16.03633pt::96.75108pt.
[340


]
l2hSize :tex2html_wrap_inline691:16.03633pt::16.03633pt::73.56615pt.
[341


]
l2hSize :tex2html_wrap_inline693:16.03633pt::16.03633pt::73.27812pt.
[342


]
l2hSize :tex2html_wrap_inline695:16.03633pt::16.03633pt::75.969pt.
[343


]
l2hSize :tex2html_wrap_inline697:16.03633pt::16.03633pt::75.53452pt.
[344


]
l2hSize :tex2html_wrap_inline699:16.03633pt::16.03633pt::73.56615pt.
[345


]
l2hSize :tex2html_wrap_inline701:16.03633pt::16.03633pt::72.38393pt.
[346


]
l2hSize :tex2html_wrap_inline703:16.03633pt::16.03633pt::75.0748pt.
[347


]
l2hSize :tex2html_wrap_inline705:16.03633pt::16.03633pt::74.64032pt.
[348


]
l2hSize :tex2html_wrap_inline707:16.03633pt::16.03633pt::73.27812pt.
[349


]
l2hSize :tex2html_wrap_inline709:16.03633pt::16.03633pt::72.38393pt.
[350


]
l2hSize :tex2html_wrap_inline711:16.03633pt::16.03633pt::74.78677pt.
[351


]
l2hSize :tex2html_wrap_inline713:16.03633pt::16.03633pt::74.3523pt.
[352


]
l2hSize :tex2html_wrap_inline715:16.03633pt::16.03633pt::75.969pt.
[353


]
l2hSize :tex2html_wrap_inline717:16.03633pt::16.03633pt::75.0748pt.
[354


]
l2hSize :tex2html_wrap_inline719:16.03633pt::16.03633pt::74.78677pt.
[355


]
l2hSize :tex2html_wrap_inline721:16.03633pt::16.03633pt::77.04317pt.
[356


]
l2hSize :tex2html_wrap_inline723:16.03633pt::16.03633pt::75.53452pt.
[357


]
l2hSize :tex2html_wrap_inline725:16.03633pt::16.03633pt::74.64032pt.
[358


]
l2hSize :tex2html_wrap_inline727:16.03633pt::16.03633pt::74.3523pt.
[359


]
l2hSize :tex2html_wrap_inline729:16.03633pt::16.03633pt::77.04317pt.
[360


] (./images.aux)

LaTeX Font Warning: Size substitutions with differences
(Font)              up to 0.74pt have occurred.

 ) 
Here is how much of TeX's memory you used:
 617 strings out of 495029
 8058 string characters out of 1181252
 49361 words of memory out of 3000000
 3867 multiletter control sequences out of 15000+50000
 5765 words of font info for 21 fonts, out of 3000000 for 9000
 28 hyphenation exceptions out of 8191
 22i,5n,19p,162b,147s stack positions out of 5000i,500n,10000p,200000b,50000s

Output written on images.dvi (360 pages, 82648 bytes).
