This is pdfTeX, Version 3.1415926-1.40.10 (TeX Live 2009/Debian) (format=latex 2012.4.14)  24 MAR 2014 10:45
entering extended mode
 %&-line parsing enabled.
**./images.tex
(./images.tex
LaTeX2e <2009/09/24>
Babel <v3.8l> and hyphenation patterns for english, usenglishmax, dumylang, noh
yphenation, french, basque, loaded.

(/usr/share/texmf-texlive/tex/latex/base/article.cls
Document Class: article 2007/10/19 v1.4h Standard LaTeX document class
(/usr/share/texmf-texlive/tex/latex/base/size12.clo
File: size12.clo 2007/10/19 v1.4h Standard LaTeX file (size option)
)
\c@part=\count79
\c@section=\count80
\c@subsection=\count81
\c@subsubsection=\count82
\c@paragraph=\count83
\c@subparagraph=\count84
\c@figure=\count85
\c@table=\count86
\abovecaptionskip=\skip41
\belowcaptionskip=\skip42
\bibindent=\dimen102
) (/usr/share/texmf-texlive/tex/latex/base/ifthen.sty
Package: ifthen 2001/05/26 v1.1c Standard LaTeX ifthen package (DPC)
) (/usr/share/texmf-texlive/tex/latex/graphics/color.sty
Package: color 2005/11/14 v1.0j Standard LaTeX Color (DPC)
(/etc/texmf/tex/latex/config/color.cfg
File: color.cfg 2007/01/18 v1.5 color configuration of teTeX/TeXLive
)
Package color Info: Driver file: dvips.def on input line 130.
(/usr/share/texmf-texlive/tex/latex/graphics/dvips.def
File: dvips.def 1999/02/16 v3.0i Driver-dependant file (DPC,SPQR)
) (/usr/share/texmf-texlive/tex/latex/graphics/dvipsnam.def
File: dvipsnam.def 1999/02/16 v3.0i Driver-dependant file (DPC,SPQR)
)) (/usr/share/texmf-texlive/tex/latex/base/inputenc.sty
Package: inputenc 2008/03/30 v1.1d Input encoding file
\inpenc@prehook=\toks14
\inpenc@posthook=\toks15
)
\sizebox=\box26
\lthtmlwrite=\write3
(./images.aux)
\openout1 = `images.aux'.

LaTeX Font Info:    Checking defaults for OML/cmm/m/it on input line 116.
LaTeX Font Info:    ... okay on input line 116.
LaTeX Font Info:    Checking defaults for T1/cmr/m/n on input line 116.
LaTeX Font Info:    ... okay on input line 116.
LaTeX Font Info:    Checking defaults for OT1/cmr/m/n on input line 116.
LaTeX Font Info:    ... okay on input line 116.
LaTeX Font Info:    Checking defaults for OMS/cmsy/m/n on input line 116.
LaTeX Font Info:    ... okay on input line 116.
LaTeX Font Info:    Checking defaults for OMX/cmex/m/n on input line 116.
LaTeX Font Info:    ... okay on input line 116.
LaTeX Font Info:    Checking defaults for U/cmr/m/n on input line 116.
LaTeX Font Info:    ... okay on input line 116.

latex2htmlLength hsize=349.0pt

latex2htmlLength vsize=632.5pt

latex2htmlLength hoffset=0.0pt

latex2htmlLength voffset=0.0pt

latex2htmlLength topmargin=0.0pt

latex2htmlLength topskip=0.00003pt

latex2htmlLength headheight=0.0pt

latex2htmlLength headsep=0.0pt

latex2htmlLength parskip=0.0pt plus 1.0pt

latex2htmlLength oddsidemargin=39.0pt

latex2htmlLength evensidemargin=39.0pt


LaTeX Font Warning: Font shape `OT1/cmr/m/n' in size <20> not available
(Font)              size <20.74> substituted on input line 140.


LaTeX Font Warning: Font shape `OML/cmm/m/it' in size <20> not available
(Font)              size <20.74> substituted on input line 140.


LaTeX Font Warning: Font shape `OMS/cmsy/m/n' in size <20> not available
(Font)              size <20.74> substituted on input line 140.

LaTeX Font Info:    External font `cmex10' loaded for size
(Font)              <20> on input line 140.
LaTeX Font Info:    External font `cmex10' loaded for size
(Font)              <14> on input line 140.
l2hSize :tex2html_wrap_inline11:16.03633pt::16.03633pt::84.83601pt.
[1



]
l2hSize :tex2html_wrap_inline13:16.03633pt::16.03633pt::84.54799pt.
[2


]
l2hSize :tex2html_wrap_inline15:16.03633pt::16.03633pt::87.23886pt.
[3


]
l2hSize :tex2html_wrap_inline17:16.03633pt::16.03633pt::86.80438pt.
[4


]
l2hSize :tex2html_wrap_inline19:16.03633pt::16.03633pt::87.00308pt.
[5


]
l2hSize :tex2html_wrap_inline21:16.03633pt::16.03633pt::86.71506pt.
[6


]
l2hSize :tex2html_wrap_inline23:16.03633pt::16.03633pt::89.40593pt.
[7


]
l2hSize :tex2html_wrap_inline25:16.03633pt::16.03633pt::88.97145pt.
[8


]
l2hSize :tex2html_wrap_inline27:16.03633pt::16.03633pt::77.38298pt.
[9


]
l2hSize :tex2html_wrap_inline29:16.03633pt::16.03633pt::77.09496pt.
[10


]
l2hSize :tex2html_wrap_inline31:16.03633pt::16.03633pt::79.78583pt.
[11


]
l2hSize :tex2html_wrap_inline33:16.03633pt::16.03633pt::79.35135pt.
[12


]
l2hSize :tex2html_wrap_inline35:16.03633pt::16.03633pt::84.83601pt.
[13


]
l2hSize :tex2html_wrap_inline37:16.03633pt::16.03633pt::83.6538pt.
[14


]
l2hSize :tex2html_wrap_inline39:16.03633pt::16.03633pt::86.34467pt.
[15


]
l2hSize :tex2html_wrap_inline41:16.03633pt::16.03633pt::85.91019pt.
[16


]
l2hSize :tex2html_wrap_inline43:16.03633pt::16.03633pt::87.00308pt.
[17


]
l2hSize :tex2html_wrap_inline45:16.03633pt::16.03633pt::85.82086pt.
[18


]
l2hSize :tex2html_wrap_inline47:16.03633pt::16.03633pt::88.51173pt.
[19


]
l2hSize :tex2html_wrap_inline49:16.03633pt::16.03633pt::88.07726pt.
[20


]
l2hSize :tex2html_wrap_inline51:16.03633pt::16.03633pt::77.38298pt.
[21


]
l2hSize :tex2html_wrap_inline53:16.03633pt::16.03633pt::76.20076pt.
[22


]
l2hSize :tex2html_wrap_inline55:16.03633pt::16.03633pt::78.89163pt.
[23


]
l2hSize :tex2html_wrap_inline57:16.03633pt::16.03633pt::78.45715pt.
[24


]
l2hSize :tex2html_wrap_inline59:16.03633pt::16.03633pt::84.54799pt.
[25


]
l2hSize :tex2html_wrap_inline61:16.03633pt::16.03633pt::83.6538pt.
[26


]
l2hSize :tex2html_wrap_inline63:16.03633pt::16.03633pt::86.05664pt.
[27


]
l2hSize :tex2html_wrap_inline65:16.03633pt::16.03633pt::85.62216pt.
[28


]
l2hSize :tex2html_wrap_inline67:16.03633pt::16.03633pt::86.71506pt.
[29


]
l2hSize :tex2html_wrap_inline69:16.03633pt::16.03633pt::85.82086pt.
[30


]
l2hSize :tex2html_wrap_inline71:16.03633pt::16.03633pt::88.22371pt.
[31


]
l2hSize :tex2html_wrap_inline73:16.03633pt::16.03633pt::87.78923pt.
[32


]
l2hSize :tex2html_wrap_inline75:16.03633pt::16.03633pt::77.09496pt.
[33


]
l2hSize :tex2html_wrap_inline77:16.03633pt::16.03633pt::76.20076pt.
[34


]
l2hSize :tex2html_wrap_inline79:16.03633pt::16.03633pt::78.6036pt.
[35


]
l2hSize :tex2html_wrap_inline81:16.03633pt::16.03633pt::78.16913pt.
[36


]
l2hSize :tex2html_wrap_inline83:16.03633pt::16.03633pt::87.23886pt.
[37


]
l2hSize :tex2html_wrap_inline85:16.03633pt::16.03633pt::86.34467pt.
[38


]
l2hSize :tex2html_wrap_inline87:16.03633pt::16.03633pt::86.05664pt.
[39


]
l2hSize :tex2html_wrap_inline89:16.03633pt::16.03633pt::88.31303pt.
[40


]
l2hSize :tex2html_wrap_inline91:16.03633pt::16.03633pt::89.40593pt.
[41


]
l2hSize :tex2html_wrap_inline93:16.03633pt::16.03633pt::88.51173pt.
[42


]
l2hSize :tex2html_wrap_inline95:16.03633pt::16.03633pt::88.22371pt.
[43


]
l2hSize :tex2html_wrap_inline97:16.03633pt::16.03633pt::90.4801pt.
[44


]
l2hSize :tex2html_wrap_inline99:16.03633pt::16.03633pt::79.78583pt.
[45


]
l2hSize :tex2html_wrap_inline101:16.03633pt::16.03633pt::78.89163pt.
[46


]
l2hSize :tex2html_wrap_inline103:16.03633pt::16.03633pt::78.6036pt.
[47


]
l2hSize :tex2html_wrap_inline105:16.03633pt::16.03633pt::80.86pt.
[48


]
l2hSize :tex2html_wrap_inline107:16.03633pt::16.03633pt::86.80438pt.
[49


]
l2hSize :tex2html_wrap_inline109:16.03633pt::16.03633pt::85.91019pt.
[50


]
l2hSize :tex2html_wrap_inline111:16.03633pt::16.03633pt::85.62216pt.
[51


]
l2hSize :tex2html_wrap_inline113:16.03633pt::16.03633pt::88.31303pt.
[52


]
l2hSize :tex2html_wrap_inline115:16.03633pt::16.03633pt::88.97145pt.
[53


]
l2hSize :tex2html_wrap_inline117:16.03633pt::16.03633pt::88.07726pt.
[54


]
l2hSize :tex2html_wrap_inline119:16.03633pt::16.03633pt::87.78923pt.
[55


]
l2hSize :tex2html_wrap_inline121:16.03633pt::16.03633pt::90.4801pt.
[56


]
l2hSize :tex2html_wrap_inline123:16.03633pt::16.03633pt::79.35135pt.
[57


]
l2hSize :tex2html_wrap_inline125:16.03633pt::16.03633pt::78.45715pt.
[58


]
l2hSize :tex2html_wrap_inline127:16.03633pt::16.03633pt::78.16913pt.
[59


]
l2hSize :tex2html_wrap_inline129:16.03633pt::16.03633pt::80.86pt.
[60


]
l2hSize :tex2html_wrap_inline131:16.03633pt::16.03633pt::86.03777pt.
[61


]
l2hSize :tex2html_wrap_inline133:16.03633pt::16.03633pt::85.74974pt.
[62


]
l2hSize :tex2html_wrap_inline135:16.03633pt::16.03633pt::88.44061pt.
[63


]
l2hSize :tex2html_wrap_inline137:16.03633pt::16.03633pt::88.00613pt.
[64


]
l2hSize :tex2html_wrap_inline139:16.03633pt::16.03633pt::88.20483pt.
[65


]
l2hSize :tex2html_wrap_inline141:16.03633pt::16.03633pt::87.91681pt.
[66


]
l2hSize :tex2html_wrap_inline143:16.03633pt::16.03633pt::90.60768pt.
[67


]
l2hSize :tex2html_wrap_inline145:16.03633pt::16.03633pt::90.1732pt.
[68


]
l2hSize :tex2html_wrap_inline147:16.03633pt::16.03633pt::78.58473pt.
[69


]
l2hSize :tex2html_wrap_inline149:16.03633pt::16.03633pt::78.2967pt.
[70


]
l2hSize :tex2html_wrap_inline151:16.03633pt::16.03633pt::80.98758pt.
[71


]
l2hSize :tex2html_wrap_inline153:16.03633pt::16.03633pt::80.5531pt.
[72


]
l2hSize :tex2html_wrap_inline155:16.03633pt::16.03633pt::86.03777pt.
[73


]
l2hSize :tex2html_wrap_inline157:16.03633pt::16.03633pt::84.85555pt.
[74


]
l2hSize :tex2html_wrap_inline159:16.03633pt::16.03633pt::87.54642pt.
[75


]
l2hSize :tex2html_wrap_inline161:16.03633pt::16.03633pt::87.11194pt.
[76


]
l2hSize :tex2html_wrap_inline163:16.03633pt::16.03633pt::88.20483pt.
[77


]
l2hSize :tex2html_wrap_inline165:16.03633pt::16.03633pt::87.02261pt.
[78


]
l2hSize :tex2html_wrap_inline167:16.03633pt::16.03633pt::89.71349pt.
[79


]
l2hSize :tex2html_wrap_inline169:16.03633pt::16.03633pt::89.279pt.
[80


]
l2hSize :tex2html_wrap_inline171:16.03633pt::16.03633pt::78.58473pt.
[81


]
l2hSize :tex2html_wrap_inline173:16.03633pt::16.03633pt::77.40251pt.
[82


]
l2hSize :tex2html_wrap_inline175:16.03633pt::16.03633pt::80.09338pt.
[83


]
l2hSize :tex2html_wrap_inline177:16.03633pt::16.03633pt::79.6589pt.
[84


]
l2hSize :tex2html_wrap_inline179:16.03633pt::16.03633pt::85.74974pt.
[85


]
l2hSize :tex2html_wrap_inline181:16.03633pt::16.03633pt::84.85555pt.
[86


]
l2hSize :tex2html_wrap_inline183:16.03633pt::16.03633pt::87.25839pt.
[87


]
l2hSize :tex2html_wrap_inline185:16.03633pt::16.03633pt::86.82391pt.
[88


]
l2hSize :tex2html_wrap_inline187:16.03633pt::16.03633pt::87.91681pt.
[89


]
l2hSize :tex2html_wrap_inline189:16.03633pt::16.03633pt::87.02261pt.
[90


]
l2hSize :tex2html_wrap_inline191:16.03633pt::16.03633pt::89.42546pt.
[91


]
l2hSize :tex2html_wrap_inline193:16.03633pt::16.03633pt::88.99098pt.
[92


]
l2hSize :tex2html_wrap_inline195:16.03633pt::16.03633pt::78.2967pt.
[93


]
l2hSize :tex2html_wrap_inline197:16.03633pt::16.03633pt::77.40251pt.
[94


]
l2hSize :tex2html_wrap_inline199:16.03633pt::16.03633pt::79.80536pt.
[95


]
l2hSize :tex2html_wrap_inline201:16.03633pt::16.03633pt::79.37088pt.
[96


]
l2hSize :tex2html_wrap_inline203:16.03633pt::16.03633pt::88.44061pt.
[97


]
l2hSize :tex2html_wrap_inline205:16.03633pt::16.03633pt::87.54642pt.
[98


]
l2hSize :tex2html_wrap_inline207:16.03633pt::16.03633pt::87.25839pt.
[99


]
l2hSize :tex2html_wrap_inline209:16.03633pt::16.03633pt::89.51479pt.
[100


]
l2hSize :tex2html_wrap_inline211:16.03633pt::16.03633pt::90.60768pt.
[101


]
l2hSize :tex2html_wrap_inline213:16.03633pt::16.03633pt::89.71349pt.
[102


]
l2hSize :tex2html_wrap_inline215:16.03633pt::16.03633pt::89.42546pt.
[103


]
l2hSize :tex2html_wrap_inline217:16.03633pt::16.03633pt::91.68185pt.
[104


]
l2hSize :tex2html_wrap_inline219:16.03633pt::16.03633pt::80.98758pt.
[105


]
l2hSize :tex2html_wrap_inline221:16.03633pt::16.03633pt::80.09338pt.
[106


]
l2hSize :tex2html_wrap_inline223:16.03633pt::16.03633pt::79.80536pt.
[107


]
l2hSize :tex2html_wrap_inline225:16.03633pt::16.03633pt::82.06175pt.
[108


]
l2hSize :tex2html_wrap_inline227:16.03633pt::16.03633pt::88.00613pt.
[109


]
l2hSize :tex2html_wrap_inline229:16.03633pt::16.03633pt::87.11194pt.
[110


]
l2hSize :tex2html_wrap_inline231:16.03633pt::16.03633pt::86.82391pt.
[111


]
l2hSize :tex2html_wrap_inline233:16.03633pt::16.03633pt::89.51479pt.
[112


]
l2hSize :tex2html_wrap_inline235:16.03633pt::16.03633pt::90.1732pt.
[113


]
l2hSize :tex2html_wrap_inline237:16.03633pt::16.03633pt::89.279pt.
[114


]
l2hSize :tex2html_wrap_inline239:16.03633pt::16.03633pt::88.99098pt.
[115


]
l2hSize :tex2html_wrap_inline241:16.03633pt::16.03633pt::91.68185pt.
[116


]
l2hSize :tex2html_wrap_inline243:16.03633pt::16.03633pt::80.5531pt.
[117


]
l2hSize :tex2html_wrap_inline245:16.03633pt::16.03633pt::79.6589pt.
[118


]
l2hSize :tex2html_wrap_inline247:16.03633pt::16.03633pt::79.37088pt.
[119


]
l2hSize :tex2html_wrap_inline249:16.03633pt::16.03633pt::82.06175pt.
[120


]
l2hSize :tex2html_wrap_inline251:16.03633pt::16.03633pt::69.78651pt.
[121


]
l2hSize :tex2html_wrap_inline253:16.03633pt::16.03633pt::69.49849pt.
[122


]
l2hSize :tex2html_wrap_inline255:16.03633pt::16.03633pt::72.18936pt.
[123


]
l2hSize :tex2html_wrap_inline257:16.03633pt::16.03633pt::71.75488pt.
[124


]
l2hSize :tex2html_wrap_inline259:16.03633pt::16.03633pt::71.95358pt.
[125


]
l2hSize :tex2html_wrap_inline261:16.03633pt::16.03633pt::71.66556pt.
[126


]
l2hSize :tex2html_wrap_inline263:16.03633pt::16.03633pt::74.35643pt.
[127


]
l2hSize :tex2html_wrap_inline265:16.03633pt::16.03633pt::73.92195pt.
[128


]
l2hSize :tex2html_wrap_inline267:16.03633pt::16.03633pt::62.33348pt.
[129


]
l2hSize :tex2html_wrap_inline269:16.03633pt::16.03633pt::62.04546pt.
[130


]
l2hSize :tex2html_wrap_inline271:16.03633pt::16.03633pt::64.73633pt.
[131


]
l2hSize :tex2html_wrap_inline273:16.03633pt::16.03633pt::64.30185pt.
[132


]
l2hSize :tex2html_wrap_inline275:16.03633pt::16.03633pt::69.78651pt.
[133


]
l2hSize :tex2html_wrap_inline277:16.03633pt::16.03633pt::68.6043pt.
[134


]
l2hSize :tex2html_wrap_inline279:16.03633pt::16.03633pt::71.29517pt.
[135


]
l2hSize :tex2html_wrap_inline281:16.03633pt::16.03633pt::70.86069pt.
[136


]
l2hSize :tex2html_wrap_inline283:16.03633pt::16.03633pt::71.95358pt.
[137


]
l2hSize :tex2html_wrap_inline285:16.03633pt::16.03633pt::70.77136pt.
[138


]
l2hSize :tex2html_wrap_inline287:16.03633pt::16.03633pt::73.46223pt.
[139


]
l2hSize :tex2html_wrap_inline289:16.03633pt::16.03633pt::73.02776pt.
[140


]
l2hSize :tex2html_wrap_inline291:16.03633pt::16.03633pt::62.33348pt.
[141


]
l2hSize :tex2html_wrap_inline293:16.03633pt::16.03633pt::61.15126pt.
[142


]
l2hSize :tex2html_wrap_inline295:16.03633pt::16.03633pt::63.84213pt.
[143


]
l2hSize :tex2html_wrap_inline297:16.03633pt::16.03633pt::63.40765pt.
[144


]
l2hSize :tex2html_wrap_inline299:16.03633pt::16.03633pt::69.49849pt.
[145


]
l2hSize :tex2html_wrap_inline301:16.03633pt::16.03633pt::68.6043pt.
[146


]
l2hSize :tex2html_wrap_inline303:16.03633pt::16.03633pt::71.00714pt.
[147


]
l2hSize :tex2html_wrap_inline305:16.03633pt::16.03633pt::70.57266pt.
[148


]
l2hSize :tex2html_wrap_inline307:16.03633pt::16.03633pt::71.66556pt.
[149


]
l2hSize :tex2html_wrap_inline309:16.03633pt::16.03633pt::70.77136pt.
[150


]
l2hSize :tex2html_wrap_inline311:16.03633pt::16.03633pt::73.17421pt.
[151


]
l2hSize :tex2html_wrap_inline313:16.03633pt::16.03633pt::72.73973pt.
[152


]
l2hSize :tex2html_wrap_inline315:16.03633pt::16.03633pt::62.04546pt.
[153


]
l2hSize :tex2html_wrap_inline317:16.03633pt::16.03633pt::61.15126pt.
[154


]
l2hSize :tex2html_wrap_inline319:16.03633pt::16.03633pt::63.55411pt.
[155


]
l2hSize :tex2html_wrap_inline321:16.03633pt::16.03633pt::63.11963pt.
[156


]
l2hSize :tex2html_wrap_inline323:16.03633pt::16.03633pt::72.18936pt.
[157


]
l2hSize :tex2html_wrap_inline325:16.03633pt::16.03633pt::71.29517pt.
[158


]
l2hSize :tex2html_wrap_inline327:16.03633pt::16.03633pt::71.00714pt.
[159


]
l2hSize :tex2html_wrap_inline329:16.03633pt::16.03633pt::73.26353pt.
[160


]
l2hSize :tex2html_wrap_inline331:16.03633pt::16.03633pt::74.35643pt.
[161


]
l2hSize :tex2html_wrap_inline333:16.03633pt::16.03633pt::73.46223pt.
[162


]
l2hSize :tex2html_wrap_inline335:16.03633pt::16.03633pt::73.17421pt.
[163


]
l2hSize :tex2html_wrap_inline337:16.03633pt::16.03633pt::75.4306pt.
[164


]
l2hSize :tex2html_wrap_inline339:16.03633pt::16.03633pt::64.73633pt.
[165


]
l2hSize :tex2html_wrap_inline341:16.03633pt::16.03633pt::63.84213pt.
[166


]
l2hSize :tex2html_wrap_inline343:16.03633pt::16.03633pt::63.55411pt.
[167


]
l2hSize :tex2html_wrap_inline345:16.03633pt::16.03633pt::65.8105pt.
[168


]
l2hSize :tex2html_wrap_inline347:16.03633pt::16.03633pt::71.75488pt.
[169


]
l2hSize :tex2html_wrap_inline349:16.03633pt::16.03633pt::70.86069pt.
[170


]
l2hSize :tex2html_wrap_inline351:16.03633pt::16.03633pt::70.57266pt.
[171


]
l2hSize :tex2html_wrap_inline353:16.03633pt::16.03633pt::73.26353pt.
[172


]
l2hSize :tex2html_wrap_inline355:16.03633pt::16.03633pt::73.92195pt.
[173


]
l2hSize :tex2html_wrap_inline357:16.03633pt::16.03633pt::73.02776pt.
[174


]
l2hSize :tex2html_wrap_inline359:16.03633pt::16.03633pt::72.73973pt.
[175


]
l2hSize :tex2html_wrap_inline361:16.03633pt::16.03633pt::75.4306pt.
[176


]
l2hSize :tex2html_wrap_inline363:16.03633pt::16.03633pt::64.30185pt.
[177


]
l2hSize :tex2html_wrap_inline365:16.03633pt::16.03633pt::63.40765pt.
[178


]
l2hSize :tex2html_wrap_inline367:16.03633pt::16.03633pt::63.11963pt.
[179


]
l2hSize :tex2html_wrap_inline369:16.03633pt::16.03633pt::65.8105pt.
[180


]
l2hSize :tex2html_wrap_inline371:16.03633pt::16.03633pt::99.52534pt.
[181


]
l2hSize :tex2html_wrap_inline373:16.03633pt::16.03633pt::99.23732pt.
[182


]
l2hSize :tex2html_wrap_inline375:16.03633pt::16.03633pt::101.92819pt.
[183


]
l2hSize :tex2html_wrap_inline377:16.03633pt::16.03633pt::101.49371pt.
[184


]
l2hSize :tex2html_wrap_inline379:16.03633pt::16.03633pt::101.69241pt.
[185


]
l2hSize :tex2html_wrap_inline381:16.03633pt::16.03633pt::101.40439pt.
[186


]
l2hSize :tex2html_wrap_inline383:16.03633pt::16.03633pt::104.09526pt.
[187


]
l2hSize :tex2html_wrap_inline385:16.03633pt::16.03633pt::103.66078pt.
[188


]
l2hSize :tex2html_wrap_inline387:16.03633pt::16.03633pt::92.07231pt.
[189


]
l2hSize :tex2html_wrap_inline389:16.03633pt::16.03633pt::91.78429pt.
[190


]
l2hSize :tex2html_wrap_inline391:16.03633pt::16.03633pt::94.47516pt.
[191


]
l2hSize :tex2html_wrap_inline393:16.03633pt::16.03633pt::94.04068pt.
[192


]
l2hSize :tex2html_wrap_inline395:16.03633pt::16.03633pt::99.52534pt.
[193


]
l2hSize :tex2html_wrap_inline397:16.03633pt::16.03633pt::98.34312pt.
[194


]
l2hSize :tex2html_wrap_inline399:16.03633pt::16.03633pt::101.034pt.
[195


]
l2hSize :tex2html_wrap_inline401:16.03633pt::16.03633pt::100.59952pt.
[196


]
l2hSize :tex2html_wrap_inline403:16.03633pt::16.03633pt::101.69241pt.
[197


]
l2hSize :tex2html_wrap_inline405:16.03633pt::16.03633pt::100.5102pt.
[198


]
l2hSize :tex2html_wrap_inline407:16.03633pt::16.03633pt::103.20107pt.
[199


]
l2hSize :tex2html_wrap_inline409:16.03633pt::16.03633pt::102.76659pt.
[200


]
l2hSize :tex2html_wrap_inline411:16.03633pt::16.03633pt::92.07231pt.
[201


]
l2hSize :tex2html_wrap_inline413:16.03633pt::16.03633pt::90.89009pt.
[202


]
l2hSize :tex2html_wrap_inline415:16.03633pt::16.03633pt::93.58096pt.
[203


]
l2hSize :tex2html_wrap_inline417:16.03633pt::16.03633pt::93.14648pt.
[204


]
l2hSize :tex2html_wrap_inline419:16.03633pt::16.03633pt::99.23732pt.
[205


]
l2hSize :tex2html_wrap_inline421:16.03633pt::16.03633pt::98.34312pt.
[206


]
l2hSize :tex2html_wrap_inline423:16.03633pt::16.03633pt::100.74597pt.
[207


]
l2hSize :tex2html_wrap_inline425:16.03633pt::16.03633pt::100.3115pt.
[208


]
l2hSize :tex2html_wrap_inline427:16.03633pt::16.03633pt::101.40439pt.
[209


]
l2hSize :tex2html_wrap_inline429:16.03633pt::16.03633pt::100.5102pt.
[210


]
l2hSize :tex2html_wrap_inline431:16.03633pt::16.03633pt::102.91304pt.
[211


]
l2hSize :tex2html_wrap_inline433:16.03633pt::16.03633pt::102.47856pt.
[212


]
l2hSize :tex2html_wrap_inline435:16.03633pt::16.03633pt::91.78429pt.
[213


]
l2hSize :tex2html_wrap_inline437:16.03633pt::16.03633pt::90.89009pt.
[214


]
l2hSize :tex2html_wrap_inline439:16.03633pt::16.03633pt::93.29294pt.
[215


]
l2hSize :tex2html_wrap_inline441:16.03633pt::16.03633pt::92.85846pt.
[216


]
l2hSize :tex2html_wrap_inline443:16.03633pt::16.03633pt::101.92819pt.
[217


]
l2hSize :tex2html_wrap_inline445:16.03633pt::16.03633pt::101.034pt.
[218


]
l2hSize :tex2html_wrap_inline447:16.03633pt::16.03633pt::100.74597pt.
[219


]
l2hSize :tex2html_wrap_inline449:16.03633pt::16.03633pt::103.00237pt.
[220


]
l2hSize :tex2html_wrap_inline451:16.03633pt::16.03633pt::104.09526pt.
[221


]
l2hSize :tex2html_wrap_inline453:16.03633pt::16.03633pt::103.20107pt.
[222


]
l2hSize :tex2html_wrap_inline455:16.03633pt::16.03633pt::102.91304pt.
[223


]
l2hSize :tex2html_wrap_inline457:16.03633pt::16.03633pt::105.16943pt.
[224


]
l2hSize :tex2html_wrap_inline459:16.03633pt::16.03633pt::94.47516pt.
[225


]
l2hSize :tex2html_wrap_inline461:16.03633pt::16.03633pt::93.58096pt.
[226


]
l2hSize :tex2html_wrap_inline463:16.03633pt::16.03633pt::93.29294pt.
[227


]
l2hSize :tex2html_wrap_inline465:16.03633pt::16.03633pt::95.54933pt.
[228


]
l2hSize :tex2html_wrap_inline467:16.03633pt::16.03633pt::101.49371pt.
[229


]
l2hSize :tex2html_wrap_inline469:16.03633pt::16.03633pt::100.59952pt.
[230


]
l2hSize :tex2html_wrap_inline471:16.03633pt::16.03633pt::100.3115pt.
[231


]
l2hSize :tex2html_wrap_inline473:16.03633pt::16.03633pt::103.00237pt.
[232


]
l2hSize :tex2html_wrap_inline475:16.03633pt::16.03633pt::103.66078pt.
[233


]
l2hSize :tex2html_wrap_inline477:16.03633pt::16.03633pt::102.76659pt.
[234


]
l2hSize :tex2html_wrap_inline479:16.03633pt::16.03633pt::102.47856pt.
[235


]
l2hSize :tex2html_wrap_inline481:16.03633pt::16.03633pt::105.16943pt.
[236


]
l2hSize :tex2html_wrap_inline483:16.03633pt::16.03633pt::94.04068pt.
[237


]
l2hSize :tex2html_wrap_inline485:16.03633pt::16.03633pt::93.14648pt.
[238


]
l2hSize :tex2html_wrap_inline487:16.03633pt::16.03633pt::92.85846pt.
[239


]
l2hSize :tex2html_wrap_inline489:16.03633pt::16.03633pt::95.54933pt.
[240


]
l2hSize :tex2html_wrap_inline491:16.03633pt::16.03633pt::100.7271pt.
[241


]
l2hSize :tex2html_wrap_inline493:16.03633pt::16.03633pt::100.43907pt.
[242


]
l2hSize :tex2html_wrap_inline495:16.03633pt::16.03633pt::103.12994pt.
[243


]
l2hSize :tex2html_wrap_inline497:16.03633pt::16.03633pt::102.69547pt.
[244


]
l2hSize :tex2html_wrap_inline499:16.03633pt::16.03633pt::102.89417pt.
[245


]
l2hSize :tex2html_wrap_inline501:16.03633pt::16.03633pt::102.60614pt.
[246


]
l2hSize :tex2html_wrap_inline503:16.03633pt::16.03633pt::105.29701pt.
[247


]
l2hSize :tex2html_wrap_inline505:16.03633pt::16.03633pt::104.86253pt.
[248


]
l2hSize :tex2html_wrap_inline507:16.03633pt::16.03633pt::93.27406pt.
[249


]
l2hSize :tex2html_wrap_inline509:16.03633pt::16.03633pt::92.98604pt.
[250


]
l2hSize :tex2html_wrap_inline511:16.03633pt::16.03633pt::95.67691pt.
[251


]
l2hSize :tex2html_wrap_inline513:16.03633pt::16.03633pt::95.24243pt.
[252


]
l2hSize :tex2html_wrap_inline515:16.03633pt::16.03633pt::100.7271pt.
[253


]
l2hSize :tex2html_wrap_inline517:16.03633pt::16.03633pt::99.54488pt.
[254


]
l2hSize :tex2html_wrap_inline519:16.03633pt::16.03633pt::102.23575pt.
[255


]
l2hSize :tex2html_wrap_inline521:16.03633pt::16.03633pt::101.80127pt.
[256


]
l2hSize :tex2html_wrap_inline523:16.03633pt::16.03633pt::102.89417pt.
[257


]
l2hSize :tex2html_wrap_inline525:16.03633pt::16.03633pt::101.71194pt.
[258


]
l2hSize :tex2html_wrap_inline527:16.03633pt::16.03633pt::104.40282pt.
[259


]
l2hSize :tex2html_wrap_inline529:16.03633pt::16.03633pt::103.96834pt.
[260


]
l2hSize :tex2html_wrap_inline531:16.03633pt::16.03633pt::93.27406pt.
[261


]
l2hSize :tex2html_wrap_inline533:16.03633pt::16.03633pt::92.09184pt.
[262


]
l2hSize :tex2html_wrap_inline535:16.03633pt::16.03633pt::94.78271pt.
[263


]
l2hSize :tex2html_wrap_inline537:16.03633pt::16.03633pt::94.34824pt.
[264


]
l2hSize :tex2html_wrap_inline539:16.03633pt::16.03633pt::100.43907pt.
[265


]
l2hSize :tex2html_wrap_inline541:16.03633pt::16.03633pt::99.54488pt.
[266


]
l2hSize :tex2html_wrap_inline543:16.03633pt::16.03633pt::101.94772pt.
[267


]
l2hSize :tex2html_wrap_inline545:16.03633pt::16.03633pt::101.51324pt.
[268


]
l2hSize :tex2html_wrap_inline547:16.03633pt::16.03633pt::102.60614pt.
[269


]
l2hSize :tex2html_wrap_inline549:16.03633pt::16.03633pt::101.71194pt.
[270


]
l2hSize :tex2html_wrap_inline551:16.03633pt::16.03633pt::104.11479pt.
[271


]
l2hSize :tex2html_wrap_inline553:16.03633pt::16.03633pt::103.68031pt.
[272


]
l2hSize :tex2html_wrap_inline555:16.03633pt::16.03633pt::92.98604pt.
[273


]
l2hSize :tex2html_wrap_inline557:16.03633pt::16.03633pt::92.09184pt.
[274


]
l2hSize :tex2html_wrap_inline559:16.03633pt::16.03633pt::94.49469pt.
[275


]
l2hSize :tex2html_wrap_inline561:16.03633pt::16.03633pt::94.06021pt.
[276


]
l2hSize :tex2html_wrap_inline563:16.03633pt::16.03633pt::103.12994pt.
[277


]
l2hSize :tex2html_wrap_inline565:16.03633pt::16.03633pt::102.23575pt.
[278


]
l2hSize :tex2html_wrap_inline567:16.03633pt::16.03633pt::101.94772pt.
[279


]
l2hSize :tex2html_wrap_inline569:16.03633pt::16.03633pt::104.20412pt.
[280


]
l2hSize :tex2html_wrap_inline571:16.03633pt::16.03633pt::105.29701pt.
[281


]
l2hSize :tex2html_wrap_inline573:16.03633pt::16.03633pt::104.40282pt.
[282


]
l2hSize :tex2html_wrap_inline575:16.03633pt::16.03633pt::104.11479pt.
[283


]
l2hSize :tex2html_wrap_inline577:16.03633pt::16.03633pt::106.37119pt.
[284


]
l2hSize :tex2html_wrap_inline579:16.03633pt::16.03633pt::95.67691pt.
[285


]
l2hSize :tex2html_wrap_inline581:16.03633pt::16.03633pt::94.78271pt.
[286


]
l2hSize :tex2html_wrap_inline583:16.03633pt::16.03633pt::94.49469pt.
[287


]
l2hSize :tex2html_wrap_inline585:16.03633pt::16.03633pt::96.75108pt.
[288


]
l2hSize :tex2html_wrap_inline587:16.03633pt::16.03633pt::102.69547pt.
[289


]
l2hSize :tex2html_wrap_inline589:16.03633pt::16.03633pt::101.80127pt.
[290


]
l2hSize :tex2html_wrap_inline591:16.03633pt::16.03633pt::101.51324pt.
[291


]
l2hSize :tex2html_wrap_inline593:16.03633pt::16.03633pt::104.20412pt.
[292


]
l2hSize :tex2html_wrap_inline595:16.03633pt::16.03633pt::104.86253pt.
[293


]
l2hSize :tex2html_wrap_inline597:16.03633pt::16.03633pt::103.96834pt.
[294


]
l2hSize :tex2html_wrap_inline599:16.03633pt::16.03633pt::103.68031pt.
[295


]
l2hSize :tex2html_wrap_inline601:16.03633pt::16.03633pt::106.37119pt.
[296


]
l2hSize :tex2html_wrap_inline603:16.03633pt::16.03633pt::95.24243pt.
[297


]
l2hSize :tex2html_wrap_inline605:16.03633pt::16.03633pt::94.34824pt.
[298


]
l2hSize :tex2html_wrap_inline607:16.03633pt::16.03633pt::94.06021pt.
[299


]
l2hSize :tex2html_wrap_inline609:16.03633pt::16.03633pt::96.75108pt.
[300


]
l2hSize :tex2html_wrap_inline611:16.03633pt::16.03633pt::84.47585pt.
[301


]
l2hSize :tex2html_wrap_inline613:16.03633pt::16.03633pt::84.18782pt.
[302


]
l2hSize :tex2html_wrap_inline615:16.03633pt::16.03633pt::86.8787pt.
[303


]
l2hSize :tex2html_wrap_inline617:16.03633pt::16.03633pt::86.44421pt.
[304


]
l2hSize :tex2html_wrap_inline619:16.03633pt::16.03633pt::86.64291pt.
[305


]
l2hSize :tex2html_wrap_inline621:16.03633pt::16.03633pt::86.35489pt.
[306


]
l2hSize :tex2html_wrap_inline623:16.03633pt::16.03633pt::89.04576pt.
[307


]
l2hSize :tex2html_wrap_inline625:16.03633pt::16.03633pt::88.61128pt.
[308


]
l2hSize :tex2html_wrap_inline627:16.03633pt::16.03633pt::77.02281pt.
[309


]
l2hSize :tex2html_wrap_inline629:16.03633pt::16.03633pt::76.73479pt.
[310


]
l2hSize :tex2html_wrap_inline631:16.03633pt::16.03633pt::79.42566pt.
[311


]
l2hSize :tex2html_wrap_inline633:16.03633pt::16.03633pt::78.99118pt.
[312


]
l2hSize :tex2html_wrap_inline635:16.03633pt::16.03633pt::84.47585pt.
[313


]
l2hSize :tex2html_wrap_inline637:16.03633pt::16.03633pt::83.29362pt.
[314


]
l2hSize :tex2html_wrap_inline639:16.03633pt::16.03633pt::85.9845pt.
[315


]
l2hSize :tex2html_wrap_inline641:16.03633pt::16.03633pt::85.55002pt.
[316


]
l2hSize :tex2html_wrap_inline643:16.03633pt::16.03633pt::86.64291pt.
[317


]
l2hSize :tex2html_wrap_inline645:16.03633pt::16.03633pt::85.4607pt.
[318


]
l2hSize :tex2html_wrap_inline647:16.03633pt::16.03633pt::88.15157pt.
[319


]
l2hSize :tex2html_wrap_inline649:16.03633pt::16.03633pt::87.71709pt.
[320


]
l2hSize :tex2html_wrap_inline651:16.03633pt::16.03633pt::77.02281pt.
[321


]
l2hSize :tex2html_wrap_inline653:16.03633pt::16.03633pt::75.84059pt.
[322


]
l2hSize :tex2html_wrap_inline655:16.03633pt::16.03633pt::78.53146pt.
[323


]
l2hSize :tex2html_wrap_inline657:16.03633pt::16.03633pt::78.09698pt.
[324


]
l2hSize :tex2html_wrap_inline659:16.03633pt::16.03633pt::84.18782pt.
[325


]
l2hSize :tex2html_wrap_inline661:16.03633pt::16.03633pt::83.29362pt.
[326


]
l2hSize :tex2html_wrap_inline663:16.03633pt::16.03633pt::85.69647pt.
[327


]
l2hSize :tex2html_wrap_inline665:16.03633pt::16.03633pt::85.262pt.
[328


]
l2hSize :tex2html_wrap_inline667:16.03633pt::16.03633pt::86.35489pt.
[329


]
l2hSize :tex2html_wrap_inline669:16.03633pt::16.03633pt::85.4607pt.
[330


]
l2hSize :tex2html_wrap_inline671:16.03633pt::16.03633pt::87.86354pt.
[331


]
l2hSize :tex2html_wrap_inline673:16.03633pt::16.03633pt::87.42906pt.
[332


]
l2hSize :tex2html_wrap_inline675:16.03633pt::16.03633pt::76.73479pt.
[333


]
l2hSize :tex2html_wrap_inline677:16.03633pt::16.03633pt::75.84059pt.
[334


]
l2hSize :tex2html_wrap_inline679:16.03633pt::16.03633pt::78.24344pt.
[335


]
l2hSize :tex2html_wrap_inline681:16.03633pt::16.03633pt::77.80896pt.
[336


]
l2hSize :tex2html_wrap_inline683:16.03633pt::16.03633pt::86.8787pt.
[337


]
l2hSize :tex2html_wrap_inline685:16.03633pt::16.03633pt::85.9845pt.
[338


]
l2hSize :tex2html_wrap_inline687:16.03633pt::16.03633pt::85.69647pt.
[339


]
l2hSize :tex2html_wrap_inline689:16.03633pt::16.03633pt::87.95287pt.
[340


]
l2hSize :tex2html_wrap_inline691:16.03633pt::16.03633pt::89.04576pt.
[341


]
l2hSize :tex2html_wrap_inline693:16.03633pt::16.03633pt::88.15157pt.
[342


]
l2hSize :tex2html_wrap_inline695:16.03633pt::16.03633pt::87.86354pt.
[343


]
l2hSize :tex2html_wrap_inline697:16.03633pt::16.03633pt::90.11993pt.
[344


]
l2hSize :tex2html_wrap_inline699:16.03633pt::16.03633pt::79.42566pt.
[345


]
l2hSize :tex2html_wrap_inline701:16.03633pt::16.03633pt::78.53146pt.
[346


]
l2hSize :tex2html_wrap_inline703:16.03633pt::16.03633pt::78.24344pt.
[347


]
l2hSize :tex2html_wrap_inline705:16.03633pt::16.03633pt::80.49983pt.
[348


]
l2hSize :tex2html_wrap_inline707:16.03633pt::16.03633pt::86.44421pt.
[349


]
l2hSize :tex2html_wrap_inline709:16.03633pt::16.03633pt::85.55002pt.
[350


]
l2hSize :tex2html_wrap_inline711:16.03633pt::16.03633pt::85.262pt.
[351


]
l2hSize :tex2html_wrap_inline713:16.03633pt::16.03633pt::87.95287pt.
[352


]
l2hSize :tex2html_wrap_inline715:16.03633pt::16.03633pt::88.61128pt.
[353


]
l2hSize :tex2html_wrap_inline717:16.03633pt::16.03633pt::87.71709pt.
[354


]
l2hSize :tex2html_wrap_inline719:16.03633pt::16.03633pt::87.42906pt.
[355


]
l2hSize :tex2html_wrap_inline721:16.03633pt::16.03633pt::90.11993pt.
[356


]
l2hSize :tex2html_wrap_inline723:16.03633pt::16.03633pt::78.99118pt.
[357


]
l2hSize :tex2html_wrap_inline725:16.03633pt::16.03633pt::78.09698pt.
[358


]
l2hSize :tex2html_wrap_inline727:16.03633pt::16.03633pt::77.80896pt.
[359


]
l2hSize :tex2html_wrap_inline729:16.03633pt::16.03633pt::80.49983pt.
[360


]
l2hSize :tex2html_wrap_inline731:16.03633pt::16.03633pt::84.83601pt.
[361


]
l2hSize :tex2html_wrap_inline733:16.03633pt::16.03633pt::84.54799pt.
[362


]
l2hSize :tex2html_wrap_inline735:16.03633pt::16.03633pt::87.23886pt.
[363


]
l2hSize :tex2html_wrap_inline737:16.03633pt::16.03633pt::86.80438pt.
[364


]
l2hSize :tex2html_wrap_inline739:16.03633pt::16.03633pt::87.00308pt.
[365


]
l2hSize :tex2html_wrap_inline741:16.03633pt::16.03633pt::86.71506pt.
[366


]
l2hSize :tex2html_wrap_inline743:16.03633pt::16.03633pt::89.40593pt.
[367


]
l2hSize :tex2html_wrap_inline745:16.03633pt::16.03633pt::88.97145pt.
[368


]
l2hSize :tex2html_wrap_inline747:16.03633pt::16.03633pt::77.38298pt.
[369


]
l2hSize :tex2html_wrap_inline749:16.03633pt::16.03633pt::77.09496pt.
[370


]
l2hSize :tex2html_wrap_inline751:16.03633pt::16.03633pt::79.78583pt.
[371


]
l2hSize :tex2html_wrap_inline753:16.03633pt::16.03633pt::79.35135pt.
[372


]
l2hSize :tex2html_wrap_inline755:16.03633pt::16.03633pt::84.83601pt.
[373


]
l2hSize :tex2html_wrap_inline757:16.03633pt::16.03633pt::83.6538pt.
[374


]
l2hSize :tex2html_wrap_inline759:16.03633pt::16.03633pt::86.34467pt.
[375


]
l2hSize :tex2html_wrap_inline761:16.03633pt::16.03633pt::85.91019pt.
[376


]
l2hSize :tex2html_wrap_inline763:16.03633pt::16.03633pt::87.00308pt.
[377


]
l2hSize :tex2html_wrap_inline765:16.03633pt::16.03633pt::85.82086pt.
[378


]
l2hSize :tex2html_wrap_inline767:16.03633pt::16.03633pt::88.51173pt.
[379


]
l2hSize :tex2html_wrap_inline769:16.03633pt::16.03633pt::88.07726pt.
[380


]
l2hSize :tex2html_wrap_inline771:16.03633pt::16.03633pt::77.38298pt.
[381


]
l2hSize :tex2html_wrap_inline773:16.03633pt::16.03633pt::76.20076pt.
[382


]
l2hSize :tex2html_wrap_inline775:16.03633pt::16.03633pt::78.89163pt.
[383


]
l2hSize :tex2html_wrap_inline777:16.03633pt::16.03633pt::78.45715pt.
[384


]
l2hSize :tex2html_wrap_inline779:16.03633pt::16.03633pt::84.54799pt.
[385


]
l2hSize :tex2html_wrap_inline781:16.03633pt::16.03633pt::83.6538pt.
[386


]
l2hSize :tex2html_wrap_inline783:16.03633pt::16.03633pt::86.05664pt.
[387


]
l2hSize :tex2html_wrap_inline785:16.03633pt::16.03633pt::85.62216pt.
[388


]
l2hSize :tex2html_wrap_inline787:16.03633pt::16.03633pt::86.71506pt.
[389


]
l2hSize :tex2html_wrap_inline789:16.03633pt::16.03633pt::85.82086pt.
[390


]
l2hSize :tex2html_wrap_inline791:16.03633pt::16.03633pt::88.22371pt.
[391


]
l2hSize :tex2html_wrap_inline793:16.03633pt::16.03633pt::87.78923pt.
[392


]
l2hSize :tex2html_wrap_inline795:16.03633pt::16.03633pt::77.09496pt.
[393


]
l2hSize :tex2html_wrap_inline797:16.03633pt::16.03633pt::76.20076pt.
[394


]
l2hSize :tex2html_wrap_inline799:16.03633pt::16.03633pt::78.6036pt.
[395


]
l2hSize :tex2html_wrap_inline801:16.03633pt::16.03633pt::78.16913pt.
[396


]
l2hSize :tex2html_wrap_inline803:16.03633pt::16.03633pt::87.23886pt.
[397


]
l2hSize :tex2html_wrap_inline805:16.03633pt::16.03633pt::86.34467pt.
[398


]
l2hSize :tex2html_wrap_inline807:16.03633pt::16.03633pt::86.05664pt.
[399


]
l2hSize :tex2html_wrap_inline809:16.03633pt::16.03633pt::88.31303pt.
[400


]
l2hSize :tex2html_wrap_inline811:16.03633pt::16.03633pt::89.40593pt.
[401


]
l2hSize :tex2html_wrap_inline813:16.03633pt::16.03633pt::88.51173pt.
[402


]
l2hSize :tex2html_wrap_inline815:16.03633pt::16.03633pt::88.22371pt.
[403


]
l2hSize :tex2html_wrap_inline817:16.03633pt::16.03633pt::90.4801pt.
[404


]
l2hSize :tex2html_wrap_inline819:16.03633pt::16.03633pt::79.78583pt.
[405


]
l2hSize :tex2html_wrap_inline821:16.03633pt::16.03633pt::78.89163pt.
[406


]
l2hSize :tex2html_wrap_inline823:16.03633pt::16.03633pt::78.6036pt.
[407


]
l2hSize :tex2html_wrap_inline825:16.03633pt::16.03633pt::80.86pt.
[408


]
l2hSize :tex2html_wrap_inline827:16.03633pt::16.03633pt::86.80438pt.
[409


]
l2hSize :tex2html_wrap_inline829:16.03633pt::16.03633pt::85.91019pt.
[410


]
l2hSize :tex2html_wrap_inline831:16.03633pt::16.03633pt::85.62216pt.
[411


]
l2hSize :tex2html_wrap_inline833:16.03633pt::16.03633pt::88.31303pt.
[412


]
l2hSize :tex2html_wrap_inline835:16.03633pt::16.03633pt::88.97145pt.
[413


]
l2hSize :tex2html_wrap_inline837:16.03633pt::16.03633pt::88.07726pt.
[414


]
l2hSize :tex2html_wrap_inline839:16.03633pt::16.03633pt::87.78923pt.
[415


]
l2hSize :tex2html_wrap_inline841:16.03633pt::16.03633pt::90.4801pt.
[416


]
l2hSize :tex2html_wrap_inline843:16.03633pt::16.03633pt::79.35135pt.
[417


]
l2hSize :tex2html_wrap_inline845:16.03633pt::16.03633pt::78.45715pt.
[418


]
l2hSize :tex2html_wrap_inline847:16.03633pt::16.03633pt::78.16913pt.
[419


]
l2hSize :tex2html_wrap_inline849:16.03633pt::16.03633pt::80.86pt.
[420


]
l2hSize :tex2html_wrap_inline851:16.03633pt::16.03633pt::86.03777pt.
[421


]
l2hSize :tex2html_wrap_inline853:16.03633pt::16.03633pt::85.74974pt.
[422


]
l2hSize :tex2html_wrap_inline855:16.03633pt::16.03633pt::88.44061pt.
[423


]
l2hSize :tex2html_wrap_inline857:16.03633pt::16.03633pt::88.00613pt.
[424


]
l2hSize :tex2html_wrap_inline859:16.03633pt::16.03633pt::88.20483pt.
[425


]
l2hSize :tex2html_wrap_inline861:16.03633pt::16.03633pt::87.91681pt.
[426


]
l2hSize :tex2html_wrap_inline863:16.03633pt::16.03633pt::90.60768pt.
[427


]
l2hSize :tex2html_wrap_inline865:16.03633pt::16.03633pt::90.1732pt.
[428


]
l2hSize :tex2html_wrap_inline867:16.03633pt::16.03633pt::78.58473pt.
[429


]
l2hSize :tex2html_wrap_inline869:16.03633pt::16.03633pt::78.2967pt.
[430


]
l2hSize :tex2html_wrap_inline871:16.03633pt::16.03633pt::80.98758pt.
[431


]
l2hSize :tex2html_wrap_inline873:16.03633pt::16.03633pt::80.5531pt.
[432


]
l2hSize :tex2html_wrap_inline875:16.03633pt::16.03633pt::86.03777pt.
[433


]
l2hSize :tex2html_wrap_inline877:16.03633pt::16.03633pt::84.85555pt.
[434


]
l2hSize :tex2html_wrap_inline879:16.03633pt::16.03633pt::87.54642pt.
[435


]
l2hSize :tex2html_wrap_inline881:16.03633pt::16.03633pt::87.11194pt.
[436


]
l2hSize :tex2html_wrap_inline883:16.03633pt::16.03633pt::88.20483pt.
[437


]
l2hSize :tex2html_wrap_inline885:16.03633pt::16.03633pt::87.02261pt.
[438


]
l2hSize :tex2html_wrap_inline887:16.03633pt::16.03633pt::89.71349pt.
[439


]
l2hSize :tex2html_wrap_inline889:16.03633pt::16.03633pt::89.279pt.
[440


]
l2hSize :tex2html_wrap_inline891:16.03633pt::16.03633pt::78.58473pt.
[441


]
l2hSize :tex2html_wrap_inline893:16.03633pt::16.03633pt::77.40251pt.
[442


]
l2hSize :tex2html_wrap_inline895:16.03633pt::16.03633pt::80.09338pt.
[443


]
l2hSize :tex2html_wrap_inline897:16.03633pt::16.03633pt::79.6589pt.
[444


]
l2hSize :tex2html_wrap_inline899:16.03633pt::16.03633pt::85.74974pt.
[445


]
l2hSize :tex2html_wrap_inline901:16.03633pt::16.03633pt::84.85555pt.
[446


]
l2hSize :tex2html_wrap_inline903:16.03633pt::16.03633pt::87.25839pt.
[447


]
l2hSize :tex2html_wrap_inline905:16.03633pt::16.03633pt::86.82391pt.
[448


]
l2hSize :tex2html_wrap_inline907:16.03633pt::16.03633pt::87.91681pt.
[449


]
l2hSize :tex2html_wrap_inline909:16.03633pt::16.03633pt::87.02261pt.
[450


]
l2hSize :tex2html_wrap_inline911:16.03633pt::16.03633pt::89.42546pt.
[451


]
l2hSize :tex2html_wrap_inline913:16.03633pt::16.03633pt::88.99098pt.
[452


]
l2hSize :tex2html_wrap_inline915:16.03633pt::16.03633pt::78.2967pt.
[453


]
l2hSize :tex2html_wrap_inline917:16.03633pt::16.03633pt::77.40251pt.
[454


]
l2hSize :tex2html_wrap_inline919:16.03633pt::16.03633pt::79.80536pt.
[455


]
l2hSize :tex2html_wrap_inline921:16.03633pt::16.03633pt::79.37088pt.
[456


]
l2hSize :tex2html_wrap_inline923:16.03633pt::16.03633pt::88.44061pt.
[457


]
l2hSize :tex2html_wrap_inline925:16.03633pt::16.03633pt::87.54642pt.
[458


]
l2hSize :tex2html_wrap_inline927:16.03633pt::16.03633pt::87.25839pt.
[459


]
l2hSize :tex2html_wrap_inline929:16.03633pt::16.03633pt::89.51479pt.
[460


]
l2hSize :tex2html_wrap_inline931:16.03633pt::16.03633pt::90.60768pt.
[461


]
l2hSize :tex2html_wrap_inline933:16.03633pt::16.03633pt::89.71349pt.
[462


]
l2hSize :tex2html_wrap_inline935:16.03633pt::16.03633pt::89.42546pt.
[463


]
l2hSize :tex2html_wrap_inline937:16.03633pt::16.03633pt::91.68185pt.
[464


]
l2hSize :tex2html_wrap_inline939:16.03633pt::16.03633pt::80.98758pt.
[465


]
l2hSize :tex2html_wrap_inline941:16.03633pt::16.03633pt::80.09338pt.
[466


]
l2hSize :tex2html_wrap_inline943:16.03633pt::16.03633pt::79.80536pt.
[467


]
l2hSize :tex2html_wrap_inline945:16.03633pt::16.03633pt::82.06175pt.
[468


]
l2hSize :tex2html_wrap_inline947:16.03633pt::16.03633pt::88.00613pt.
[469


]
l2hSize :tex2html_wrap_inline949:16.03633pt::16.03633pt::87.11194pt.
[470


]
l2hSize :tex2html_wrap_inline951:16.03633pt::16.03633pt::86.82391pt.
[471


]
l2hSize :tex2html_wrap_inline953:16.03633pt::16.03633pt::89.51479pt.
[472


]
l2hSize :tex2html_wrap_inline955:16.03633pt::16.03633pt::90.1732pt.
[473


]
l2hSize :tex2html_wrap_inline957:16.03633pt::16.03633pt::89.279pt.
[474


]
l2hSize :tex2html_wrap_inline959:16.03633pt::16.03633pt::88.99098pt.
[475


]
l2hSize :tex2html_wrap_inline961:16.03633pt::16.03633pt::91.68185pt.
[476


]
l2hSize :tex2html_wrap_inline963:16.03633pt::16.03633pt::80.5531pt.
[477


]
l2hSize :tex2html_wrap_inline965:16.03633pt::16.03633pt::79.6589pt.
[478


]
l2hSize :tex2html_wrap_inline967:16.03633pt::16.03633pt::79.37088pt.
[479


]
l2hSize :tex2html_wrap_inline969:16.03633pt::16.03633pt::82.06175pt.
[480


]
l2hSize :tex2html_wrap_inline971:16.03633pt::16.03633pt::66.32985pt.
[481


]
l2hSize :tex2html_wrap_inline973:16.03633pt::16.03633pt::66.04182pt.
[482


]
l2hSize :tex2html_wrap_inline975:16.03633pt::16.03633pt::68.7327pt.
[483


]
l2hSize :tex2html_wrap_inline977:16.03633pt::16.03633pt::68.29822pt.
[484


]
l2hSize :tex2html_wrap_inline979:16.03633pt::16.03633pt::68.49692pt.
[485


]
l2hSize :tex2html_wrap_inline981:16.03633pt::16.03633pt::68.2089pt.
[486


]
l2hSize :tex2html_wrap_inline983:16.03633pt::16.03633pt::70.89977pt.
[487


]
l2hSize :tex2html_wrap_inline985:16.03633pt::16.03633pt::70.46529pt.
[488


]
l2hSize :tex2html_wrap_inline987:16.03633pt::16.03633pt::58.87682pt.
[489


]
l2hSize :tex2html_wrap_inline989:16.03633pt::16.03633pt::58.58879pt.
[490


]
l2hSize :tex2html_wrap_inline991:16.03633pt::16.03633pt::61.27966pt.
[491


]
l2hSize :tex2html_wrap_inline993:16.03633pt::16.03633pt::60.84518pt.
[492


]
l2hSize :tex2html_wrap_inline995:16.03633pt::16.03633pt::66.32985pt.
[493


]
l2hSize :tex2html_wrap_inline997:16.03633pt::16.03633pt::65.14763pt.
[494


]
l2hSize :tex2html_wrap_inline999:16.03633pt::16.03633pt::67.8385pt.
[495


]
l2hSize :tex2html_wrap_inline1001:16.03633pt::16.03633pt::67.40402pt.
[496


]
l2hSize :tex2html_wrap_inline1003:16.03633pt::16.03633pt::68.49692pt.
[497


]
l2hSize :tex2html_wrap_inline1005:16.03633pt::16.03633pt::67.3147pt.
[498


]
l2hSize :tex2html_wrap_inline1007:16.03633pt::16.03633pt::70.00557pt.
[499


]
l2hSize :tex2html_wrap_inline1009:16.03633pt::16.03633pt::69.57109pt.
[500


]
l2hSize :tex2html_wrap_inline1011:16.03633pt::16.03633pt::58.87682pt.
[501


]
l2hSize :tex2html_wrap_inline1013:16.03633pt::16.03633pt::57.6946pt.
[502


]
l2hSize :tex2html_wrap_inline1015:16.03633pt::16.03633pt::60.38547pt.
[503


]
l2hSize :tex2html_wrap_inline1017:16.03633pt::16.03633pt::59.95099pt.
[504


]
l2hSize :tex2html_wrap_inline1019:16.03633pt::16.03633pt::66.04182pt.
[505


]
l2hSize :tex2html_wrap_inline1021:16.03633pt::16.03633pt::65.14763pt.
[506


]
l2hSize :tex2html_wrap_inline1023:16.03633pt::16.03633pt::67.55048pt.
[507


]
l2hSize :tex2html_wrap_inline1025:16.03633pt::16.03633pt::67.116pt.
[508


]
l2hSize :tex2html_wrap_inline1027:16.03633pt::16.03633pt::68.2089pt.
[509


]
l2hSize :tex2html_wrap_inline1029:16.03633pt::16.03633pt::67.3147pt.
[510


]
l2hSize :tex2html_wrap_inline1031:16.03633pt::16.03633pt::69.71754pt.
[511


]
l2hSize :tex2html_wrap_inline1033:16.03633pt::16.03633pt::69.28307pt.
[512


]
l2hSize :tex2html_wrap_inline1035:16.03633pt::16.03633pt::58.58879pt.
[513


]
l2hSize :tex2html_wrap_inline1037:16.03633pt::16.03633pt::57.6946pt.
[514


]
l2hSize :tex2html_wrap_inline1039:16.03633pt::16.03633pt::60.09744pt.
[515


]
l2hSize :tex2html_wrap_inline1041:16.03633pt::16.03633pt::59.66296pt.
[516


]
l2hSize :tex2html_wrap_inline1043:16.03633pt::16.03633pt::68.7327pt.
[517


]
l2hSize :tex2html_wrap_inline1045:16.03633pt::16.03633pt::67.8385pt.
[518


]
l2hSize :tex2html_wrap_inline1047:16.03633pt::16.03633pt::67.55048pt.
[519


]
l2hSize :tex2html_wrap_inline1049:16.03633pt::16.03633pt::69.80687pt.
[520


]
l2hSize :tex2html_wrap_inline1051:16.03633pt::16.03633pt::70.89977pt.
[521


]
l2hSize :tex2html_wrap_inline1053:16.03633pt::16.03633pt::70.00557pt.
[522


]
l2hSize :tex2html_wrap_inline1055:16.03633pt::16.03633pt::69.71754pt.
[523


]
l2hSize :tex2html_wrap_inline1057:16.03633pt::16.03633pt::71.97394pt.
[524


]
l2hSize :tex2html_wrap_inline1059:16.03633pt::16.03633pt::61.27966pt.
[525


]
l2hSize :tex2html_wrap_inline1061:16.03633pt::16.03633pt::60.38547pt.
[526


]
l2hSize :tex2html_wrap_inline1063:16.03633pt::16.03633pt::60.09744pt.
[527


]
l2hSize :tex2html_wrap_inline1065:16.03633pt::16.03633pt::62.35384pt.
[528


]
l2hSize :tex2html_wrap_inline1067:16.03633pt::16.03633pt::68.29822pt.
[529


]
l2hSize :tex2html_wrap_inline1069:16.03633pt::16.03633pt::67.40402pt.
[530


]
l2hSize :tex2html_wrap_inline1071:16.03633pt::16.03633pt::67.116pt.
[531


]
l2hSize :tex2html_wrap_inline1073:16.03633pt::16.03633pt::69.80687pt.
[532


]
l2hSize :tex2html_wrap_inline1075:16.03633pt::16.03633pt::70.46529pt.
[533


]
l2hSize :tex2html_wrap_inline1077:16.03633pt::16.03633pt::69.57109pt.
[534


]
l2hSize :tex2html_wrap_inline1079:16.03633pt::16.03633pt::69.28307pt.
[535


]
l2hSize :tex2html_wrap_inline1081:16.03633pt::16.03633pt::71.97394pt.
[536


]
l2hSize :tex2html_wrap_inline1083:16.03633pt::16.03633pt::60.84518pt.
[537


]
l2hSize :tex2html_wrap_inline1085:16.03633pt::16.03633pt::59.95099pt.
[538


]
l2hSize :tex2html_wrap_inline1087:16.03633pt::16.03633pt::59.66296pt.
[539


]
l2hSize :tex2html_wrap_inline1089:16.03633pt::16.03633pt::62.35384pt.
[540


]
l2hSize :tex2html_wrap_inline1091:16.03633pt::16.03633pt::99.52534pt.
[541


]
l2hSize :tex2html_wrap_inline1093:16.03633pt::16.03633pt::99.23732pt.
[542


]
l2hSize :tex2html_wrap_inline1095:16.03633pt::16.03633pt::101.92819pt.
[543


]
l2hSize :tex2html_wrap_inline1097:16.03633pt::16.03633pt::101.49371pt.
[544


]
l2hSize :tex2html_wrap_inline1099:16.03633pt::16.03633pt::101.69241pt.
[545


]
l2hSize :tex2html_wrap_inline1101:16.03633pt::16.03633pt::101.40439pt.
[546


]
l2hSize :tex2html_wrap_inline1103:16.03633pt::16.03633pt::104.09526pt.
[547


]
l2hSize :tex2html_wrap_inline1105:16.03633pt::16.03633pt::103.66078pt.
[548


]
l2hSize :tex2html_wrap_inline1107:16.03633pt::16.03633pt::92.07231pt.
[549


]
l2hSize :tex2html_wrap_inline1109:16.03633pt::16.03633pt::91.78429pt.
[550


]
l2hSize :tex2html_wrap_inline1111:16.03633pt::16.03633pt::94.47516pt.
[551


]
l2hSize :tex2html_wrap_inline1113:16.03633pt::16.03633pt::94.04068pt.
[552


]
l2hSize :tex2html_wrap_inline1115:16.03633pt::16.03633pt::99.52534pt.
[553


]
l2hSize :tex2html_wrap_inline1117:16.03633pt::16.03633pt::98.34312pt.
[554


]
l2hSize :tex2html_wrap_inline1119:16.03633pt::16.03633pt::101.034pt.
[555


]
l2hSize :tex2html_wrap_inline1121:16.03633pt::16.03633pt::100.59952pt.
[556


]
l2hSize :tex2html_wrap_inline1123:16.03633pt::16.03633pt::101.69241pt.
[557


]
l2hSize :tex2html_wrap_inline1125:16.03633pt::16.03633pt::100.5102pt.
[558


]
l2hSize :tex2html_wrap_inline1127:16.03633pt::16.03633pt::103.20107pt.
[559


]
l2hSize :tex2html_wrap_inline1129:16.03633pt::16.03633pt::102.76659pt.
[560


]
l2hSize :tex2html_wrap_inline1131:16.03633pt::16.03633pt::92.07231pt.
[561


]
l2hSize :tex2html_wrap_inline1133:16.03633pt::16.03633pt::90.89009pt.
[562


]
l2hSize :tex2html_wrap_inline1135:16.03633pt::16.03633pt::93.58096pt.
[563


]
l2hSize :tex2html_wrap_inline1137:16.03633pt::16.03633pt::93.14648pt.
[564


]
l2hSize :tex2html_wrap_inline1139:16.03633pt::16.03633pt::99.23732pt.
[565


]
l2hSize :tex2html_wrap_inline1141:16.03633pt::16.03633pt::98.34312pt.
[566


]
l2hSize :tex2html_wrap_inline1143:16.03633pt::16.03633pt::100.74597pt.
[567


]
l2hSize :tex2html_wrap_inline1145:16.03633pt::16.03633pt::100.3115pt.
[568


]
l2hSize :tex2html_wrap_inline1147:16.03633pt::16.03633pt::101.40439pt.
[569


]
l2hSize :tex2html_wrap_inline1149:16.03633pt::16.03633pt::100.5102pt.
[570


]
l2hSize :tex2html_wrap_inline1151:16.03633pt::16.03633pt::102.91304pt.
[571


]
l2hSize :tex2html_wrap_inline1153:16.03633pt::16.03633pt::102.47856pt.
[572


]
l2hSize :tex2html_wrap_inline1155:16.03633pt::16.03633pt::91.78429pt.
[573


]
l2hSize :tex2html_wrap_inline1157:16.03633pt::16.03633pt::90.89009pt.
[574


]
l2hSize :tex2html_wrap_inline1159:16.03633pt::16.03633pt::93.29294pt.
[575


]
l2hSize :tex2html_wrap_inline1161:16.03633pt::16.03633pt::92.85846pt.
[576


]
l2hSize :tex2html_wrap_inline1163:16.03633pt::16.03633pt::101.92819pt.
[577


]
l2hSize :tex2html_wrap_inline1165:16.03633pt::16.03633pt::101.034pt.
[578


]
l2hSize :tex2html_wrap_inline1167:16.03633pt::16.03633pt::100.74597pt.
[579


]
l2hSize :tex2html_wrap_inline1169:16.03633pt::16.03633pt::103.00237pt.
[580


]
l2hSize :tex2html_wrap_inline1171:16.03633pt::16.03633pt::104.09526pt.
[581


]
l2hSize :tex2html_wrap_inline1173:16.03633pt::16.03633pt::103.20107pt.
[582


]
l2hSize :tex2html_wrap_inline1175:16.03633pt::16.03633pt::102.91304pt.
[583


]
l2hSize :tex2html_wrap_inline1177:16.03633pt::16.03633pt::105.16943pt.
[584


]
l2hSize :tex2html_wrap_inline1179:16.03633pt::16.03633pt::94.47516pt.
[585


]
l2hSize :tex2html_wrap_inline1181:16.03633pt::16.03633pt::93.58096pt.
[586


]
l2hSize :tex2html_wrap_inline1183:16.03633pt::16.03633pt::93.29294pt.
[587


]
l2hSize :tex2html_wrap_inline1185:16.03633pt::16.03633pt::95.54933pt.
[588


]
l2hSize :tex2html_wrap_inline1187:16.03633pt::16.03633pt::101.49371pt.
[589


]
l2hSize :tex2html_wrap_inline1189:16.03633pt::16.03633pt::100.59952pt.
[590


]
l2hSize :tex2html_wrap_inline1191:16.03633pt::16.03633pt::100.3115pt.
[591


]
l2hSize :tex2html_wrap_inline1193:16.03633pt::16.03633pt::103.00237pt.
[592


]
l2hSize :tex2html_wrap_inline1195:16.03633pt::16.03633pt::103.66078pt.
[593


]
l2hSize :tex2html_wrap_inline1197:16.03633pt::16.03633pt::102.76659pt.
[594


]
l2hSize :tex2html_wrap_inline1199:16.03633pt::16.03633pt::102.47856pt.
[595


]
l2hSize :tex2html_wrap_inline1201:16.03633pt::16.03633pt::105.16943pt.
[596


]
l2hSize :tex2html_wrap_inline1203:16.03633pt::16.03633pt::94.04068pt.
[597


]
l2hSize :tex2html_wrap_inline1205:16.03633pt::16.03633pt::93.14648pt.
[598


]
l2hSize :tex2html_wrap_inline1207:16.03633pt::16.03633pt::92.85846pt.
[599


]
l2hSize :tex2html_wrap_inline1209:16.03633pt::16.03633pt::95.54933pt.
[600


]
l2hSize :tex2html_wrap_inline1211:16.03633pt::16.03633pt::100.7271pt.
[601


]
l2hSize :tex2html_wrap_inline1213:16.03633pt::16.03633pt::100.43907pt.
[602


]
l2hSize :tex2html_wrap_inline1215:16.03633pt::16.03633pt::103.12994pt.
[603


]
l2hSize :tex2html_wrap_inline1217:16.03633pt::16.03633pt::102.69547pt.
[604


]
l2hSize :tex2html_wrap_inline1219:16.03633pt::16.03633pt::102.89417pt.
[605


]
l2hSize :tex2html_wrap_inline1221:16.03633pt::16.03633pt::102.60614pt.
[606


]
l2hSize :tex2html_wrap_inline1223:16.03633pt::16.03633pt::105.29701pt.
[607


]
l2hSize :tex2html_wrap_inline1225:16.03633pt::16.03633pt::104.86253pt.
[608


]
l2hSize :tex2html_wrap_inline1227:16.03633pt::16.03633pt::93.27406pt.
[609


]
l2hSize :tex2html_wrap_inline1229:16.03633pt::16.03633pt::92.98604pt.
[610


]
l2hSize :tex2html_wrap_inline1231:16.03633pt::16.03633pt::95.67691pt.
[611


]
l2hSize :tex2html_wrap_inline1233:16.03633pt::16.03633pt::95.24243pt.
[612


]
l2hSize :tex2html_wrap_inline1235:16.03633pt::16.03633pt::100.7271pt.
[613


]
l2hSize :tex2html_wrap_inline1237:16.03633pt::16.03633pt::99.54488pt.
[614


]
l2hSize :tex2html_wrap_inline1239:16.03633pt::16.03633pt::102.23575pt.
[615


]
l2hSize :tex2html_wrap_inline1241:16.03633pt::16.03633pt::101.80127pt.
[616


]
l2hSize :tex2html_wrap_inline1243:16.03633pt::16.03633pt::102.89417pt.
[617


]
l2hSize :tex2html_wrap_inline1245:16.03633pt::16.03633pt::101.71194pt.
[618


]
l2hSize :tex2html_wrap_inline1247:16.03633pt::16.03633pt::104.40282pt.
[619


]
l2hSize :tex2html_wrap_inline1249:16.03633pt::16.03633pt::103.96834pt.
[620


]
l2hSize :tex2html_wrap_inline1251:16.03633pt::16.03633pt::93.27406pt.
[621


]
l2hSize :tex2html_wrap_inline1253:16.03633pt::16.03633pt::92.09184pt.
[622


]
l2hSize :tex2html_wrap_inline1255:16.03633pt::16.03633pt::94.78271pt.
[623


]
l2hSize :tex2html_wrap_inline1257:16.03633pt::16.03633pt::94.34824pt.
[624


]
l2hSize :tex2html_wrap_inline1259:16.03633pt::16.03633pt::100.43907pt.
[625


]
l2hSize :tex2html_wrap_inline1261:16.03633pt::16.03633pt::99.54488pt.
[626


]
l2hSize :tex2html_wrap_inline1263:16.03633pt::16.03633pt::101.94772pt.
[627


]
l2hSize :tex2html_wrap_inline1265:16.03633pt::16.03633pt::101.51324pt.
[628


]
l2hSize :tex2html_wrap_inline1267:16.03633pt::16.03633pt::102.60614pt.
[629


]
l2hSize :tex2html_wrap_inline1269:16.03633pt::16.03633pt::101.71194pt.
[630


]
l2hSize :tex2html_wrap_inline1271:16.03633pt::16.03633pt::104.11479pt.
[631


]
l2hSize :tex2html_wrap_inline1273:16.03633pt::16.03633pt::103.68031pt.
[632


]
l2hSize :tex2html_wrap_inline1275:16.03633pt::16.03633pt::92.98604pt.
[633


]
l2hSize :tex2html_wrap_inline1277:16.03633pt::16.03633pt::92.09184pt.
[634


]
l2hSize :tex2html_wrap_inline1279:16.03633pt::16.03633pt::94.49469pt.
[635


]
l2hSize :tex2html_wrap_inline1281:16.03633pt::16.03633pt::94.06021pt.
[636


]
l2hSize :tex2html_wrap_inline1283:16.03633pt::16.03633pt::103.12994pt.
[637


]
l2hSize :tex2html_wrap_inline1285:16.03633pt::16.03633pt::102.23575pt.
[638


]
l2hSize :tex2html_wrap_inline1287:16.03633pt::16.03633pt::101.94772pt.
[639


]
l2hSize :tex2html_wrap_inline1289:16.03633pt::16.03633pt::104.20412pt.
[640


]
l2hSize :tex2html_wrap_inline1291:16.03633pt::16.03633pt::105.29701pt.
[641


]
l2hSize :tex2html_wrap_inline1293:16.03633pt::16.03633pt::104.40282pt.
[642


]
l2hSize :tex2html_wrap_inline1295:16.03633pt::16.03633pt::104.11479pt.
[643


]
l2hSize :tex2html_wrap_inline1297:16.03633pt::16.03633pt::106.37119pt.
[644


]
l2hSize :tex2html_wrap_inline1299:16.03633pt::16.03633pt::95.67691pt.
[645


]
l2hSize :tex2html_wrap_inline1301:16.03633pt::16.03633pt::94.78271pt.
[646


]
l2hSize :tex2html_wrap_inline1303:16.03633pt::16.03633pt::94.49469pt.
[647


]
l2hSize :tex2html_wrap_inline1305:16.03633pt::16.03633pt::96.75108pt.
[648


]
l2hSize :tex2html_wrap_inline1307:16.03633pt::16.03633pt::102.69547pt.
[649


]
l2hSize :tex2html_wrap_inline1309:16.03633pt::16.03633pt::101.80127pt.
[650


]
l2hSize :tex2html_wrap_inline1311:16.03633pt::16.03633pt::101.51324pt.
[651


]
l2hSize :tex2html_wrap_inline1313:16.03633pt::16.03633pt::104.20412pt.
[652


]
l2hSize :tex2html_wrap_inline1315:16.03633pt::16.03633pt::104.86253pt.
[653


]
l2hSize :tex2html_wrap_inline1317:16.03633pt::16.03633pt::103.96834pt.
[654


]
l2hSize :tex2html_wrap_inline1319:16.03633pt::16.03633pt::103.68031pt.
[655


]
l2hSize :tex2html_wrap_inline1321:16.03633pt::16.03633pt::106.37119pt.
[656


]
l2hSize :tex2html_wrap_inline1323:16.03633pt::16.03633pt::95.24243pt.
[657


]
l2hSize :tex2html_wrap_inline1325:16.03633pt::16.03633pt::94.34824pt.
[658


]
l2hSize :tex2html_wrap_inline1327:16.03633pt::16.03633pt::94.06021pt.
[659


]
l2hSize :tex2html_wrap_inline1329:16.03633pt::16.03633pt::96.75108pt.
[660


]
l2hSize :tex2html_wrap_inline1331:16.03633pt::16.03633pt::81.01918pt.
[661


]
l2hSize :tex2html_wrap_inline1333:16.03633pt::16.03633pt::80.73116pt.
[662


]
l2hSize :tex2html_wrap_inline1335:16.03633pt::16.03633pt::83.42203pt.
[663


]
l2hSize :tex2html_wrap_inline1337:16.03633pt::16.03633pt::82.98755pt.
[664


]
l2hSize :tex2html_wrap_inline1339:16.03633pt::16.03633pt::83.18625pt.
[665


]
l2hSize :tex2html_wrap_inline1341:16.03633pt::16.03633pt::82.89822pt.
[666


]
l2hSize :tex2html_wrap_inline1343:16.03633pt::16.03633pt::85.5891pt.
[667


]
l2hSize :tex2html_wrap_inline1345:16.03633pt::16.03633pt::85.15462pt.
[668


]
l2hSize :tex2html_wrap_inline1347:16.03633pt::16.03633pt::73.56615pt.
[669


]
l2hSize :tex2html_wrap_inline1349:16.03633pt::16.03633pt::73.27812pt.
[670


]
l2hSize :tex2html_wrap_inline1351:16.03633pt::16.03633pt::75.969pt.
[671


]
l2hSize :tex2html_wrap_inline1353:16.03633pt::16.03633pt::75.53452pt.
[672


]
l2hSize :tex2html_wrap_inline1355:16.03633pt::16.03633pt::81.01918pt.
[673


]
l2hSize :tex2html_wrap_inline1357:16.03633pt::16.03633pt::79.83696pt.
[674


]
l2hSize :tex2html_wrap_inline1359:16.03633pt::16.03633pt::82.52783pt.
[675


]
l2hSize :tex2html_wrap_inline1361:16.03633pt::16.03633pt::82.09335pt.
[676


]
l2hSize :tex2html_wrap_inline1363:16.03633pt::16.03633pt::83.18625pt.
[677


]
l2hSize :tex2html_wrap_inline1365:16.03633pt::16.03633pt::82.00403pt.
[678


]
l2hSize :tex2html_wrap_inline1367:16.03633pt::16.03633pt::84.6949pt.
[679


]
l2hSize :tex2html_wrap_inline1369:16.03633pt::16.03633pt::84.26042pt.
[680


]
l2hSize :tex2html_wrap_inline1371:16.03633pt::16.03633pt::73.56615pt.
[681


]
l2hSize :tex2html_wrap_inline1373:16.03633pt::16.03633pt::72.38393pt.
[682


]
l2hSize :tex2html_wrap_inline1375:16.03633pt::16.03633pt::75.0748pt.
[683


]
l2hSize :tex2html_wrap_inline1377:16.03633pt::16.03633pt::74.64032pt.
[684


]
l2hSize :tex2html_wrap_inline1379:16.03633pt::16.03633pt::80.73116pt.
[685


]
l2hSize :tex2html_wrap_inline1381:16.03633pt::16.03633pt::79.83696pt.
[686


]
l2hSize :tex2html_wrap_inline1383:16.03633pt::16.03633pt::82.2398pt.
[687


]
l2hSize :tex2html_wrap_inline1385:16.03633pt::16.03633pt::81.80533pt.
[688


]
l2hSize :tex2html_wrap_inline1387:16.03633pt::16.03633pt::82.89822pt.
[689


]
l2hSize :tex2html_wrap_inline1389:16.03633pt::16.03633pt::82.00403pt.
[690


]
l2hSize :tex2html_wrap_inline1391:16.03633pt::16.03633pt::84.40688pt.
[691


]
l2hSize :tex2html_wrap_inline1393:16.03633pt::16.03633pt::83.9724pt.
[692


]
l2hSize :tex2html_wrap_inline1395:16.03633pt::16.03633pt::73.27812pt.
[693


]
l2hSize :tex2html_wrap_inline1397:16.03633pt::16.03633pt::72.38393pt.
[694


]
l2hSize :tex2html_wrap_inline1399:16.03633pt::16.03633pt::74.78677pt.
[695


]
l2hSize :tex2html_wrap_inline1401:16.03633pt::16.03633pt::74.3523pt.
[696


]
l2hSize :tex2html_wrap_inline1403:16.03633pt::16.03633pt::83.42203pt.
[697


]
l2hSize :tex2html_wrap_inline1405:16.03633pt::16.03633pt::82.52783pt.
[698


]
l2hSize :tex2html_wrap_inline1407:16.03633pt::16.03633pt::82.2398pt.
[699


]
l2hSize :tex2html_wrap_inline1409:16.03633pt::16.03633pt::84.4962pt.
[700


]
l2hSize :tex2html_wrap_inline1411:16.03633pt::16.03633pt::85.5891pt.
[701


]
l2hSize :tex2html_wrap_inline1413:16.03633pt::16.03633pt::84.6949pt.
[702


]
l2hSize :tex2html_wrap_inline1415:16.03633pt::16.03633pt::84.40688pt.
[703


]
l2hSize :tex2html_wrap_inline1417:16.03633pt::16.03633pt::86.66327pt.
[704


]
l2hSize :tex2html_wrap_inline1419:16.03633pt::16.03633pt::75.969pt.
[705


]
l2hSize :tex2html_wrap_inline1421:16.03633pt::16.03633pt::75.0748pt.
[706


]
l2hSize :tex2html_wrap_inline1423:16.03633pt::16.03633pt::74.78677pt.
[707


]
l2hSize :tex2html_wrap_inline1425:16.03633pt::16.03633pt::77.04317pt.
[708


]
l2hSize :tex2html_wrap_inline1427:16.03633pt::16.03633pt::82.98755pt.
[709


]
l2hSize :tex2html_wrap_inline1429:16.03633pt::16.03633pt::82.09335pt.
[710


]
l2hSize :tex2html_wrap_inline1431:16.03633pt::16.03633pt::81.80533pt.
[711


]
l2hSize :tex2html_wrap_inline1433:16.03633pt::16.03633pt::84.4962pt.
[712


]
l2hSize :tex2html_wrap_inline1435:16.03633pt::16.03633pt::85.15462pt.
[713


]
l2hSize :tex2html_wrap_inline1437:16.03633pt::16.03633pt::84.26042pt.
[714


]
l2hSize :tex2html_wrap_inline1439:16.03633pt::16.03633pt::83.9724pt.
[715


]
l2hSize :tex2html_wrap_inline1441:16.03633pt::16.03633pt::86.66327pt.
[716


]
l2hSize :tex2html_wrap_inline1443:16.03633pt::16.03633pt::75.53452pt.
[717


]
l2hSize :tex2html_wrap_inline1445:16.03633pt::16.03633pt::74.64032pt.
[718


]
l2hSize :tex2html_wrap_inline1447:16.03633pt::16.03633pt::74.3523pt.
[719


]
l2hSize :tex2html_wrap_inline1449:16.03633pt::16.03633pt::77.04317pt.
[720


] (./images.aux)

LaTeX Font Warning: Size substitutions with differences
(Font)              up to 0.74pt have occurred.

 ) 
Here is how much of TeX's memory you used:
 617 strings out of 495029
 8058 string characters out of 1181252
 49361 words of memory out of 3000000
 3867 multiletter control sequences out of 15000+50000
 5765 words of font info for 21 fonts, out of 3000000 for 9000
 28 hyphenation exceptions out of 8191
 22i,5n,19p,162b,147s stack positions out of 5000i,500n,10000p,200000b,50000s

Output written on images.dvi (720 pages, 165508 bytes).
