This is pdfTeX, Version 3.1415926-1.40.10 (TeX Live 2009/Debian) (format=pdflatex 2012.4.14)  24 MAR 2014 09:17
entering extended mode
 %&-line parsing enabled.
**\nonstopmode\input formulas_2.tex
(./formulas_2.tex (/usr/share/texmf-texlive/tex/latex/base/article.cls
Document Class: article 2007/10/19 v1.4h Standard LaTeX document class
(/usr/share/texmf-texlive/tex/latex/base/size12.clo
File: size12.clo 2007/10/19 v1.4h Standard LaTeX file (size option)
)
\c@part=\count79
\c@section=\count80
\c@subsection=\count81
\c@subsubsection=\count82
\c@paragraph=\count83
\c@subparagraph=\count84
\c@figure=\count85
\c@table=\count86
\abovecaptionskip=\skip41
\belowcaptionskip=\skip42
\bibindent=\dimen102
)
(/usr/share/texmf-texlive/tex/latex/qtree/qtree.sty
Package: 2008/12/12 v.3.1bQtree: tree-drawing for linguistics
Package: qtree 2008/12/12 v.3.1bQtree: tree-drawing for linguistics
(/usr/share/texmf-texlive/tex/latex/pict2e/pict2e.sty
Package: pict2e 2009/08/05 v0.2x Improved picture commands (HjG,RN,JT)

(/etc/texmf/tex/latex/pict2e/pict2e.cfg
File: pict2e.cfg 2009/08/05 v0.1s pict2e configuration for teTeX/TeXLive
)
Package pict2e Info: Driver file: pdftex.def on input line 101.

(/usr/share/texmf-texlive/tex/latex/pdftex-def/pdftex.def
File: pdftex.def 2010/03/12 v0.04p Graphics/color for pdfTeX
\Gread@gobject=\count87
)
Package pict2e Info: Driver file for pict2e: p2e-pdftex.def on input line 103.

(/usr/share/texmf-texlive/tex/latex/pict2e/p2e-pdftex.def
File: p2e-pdftex.def 2009/08/05 v0.1s Driver-dependant file (RN,HjG,JT)
)
(/usr/share/texmf-texlive/tex/latex/graphics/trig.sty
Package: trig 1999/03/16 v1.09 sin cos tan (DPC)
)
\pIIe@GRAPH=\toks14
\@arclen=\dimen103
\@arcrad=\dimen104
\@tempdimd=\dimen105
)
\c@treecount=\count88
\c@branchcount=\count89
\parentbox=\box26
\treebox=\box27
\treeboxone=\box28
\treeboxtwo=\box29
\treeboxthree=\box30
\treeboxfour=\box31
\treeboxfive=\box32
\treeboxsix=\box33
\treeboxseven=\box34
\treeboxeight=\box35
\treeboxnine=\box36
\treeboxten=\box37
\treeboxeleven=\box38
\treeboxtwelve=\box39
\treeboxthirteen=\box40
\treeboxfourteen=\box41
\treeboxfifteen=\box42
\treeboxsixteen=\box43
\treeboxseventeen=\box44
\treeboxeighteen=\box45
\treeboxnineteen=\box46
\treeboxtwenty=\box47
\treeoffsetone=\skip43
\treeoffsettwo=\skip44
\treeoffsetthree=\skip45
\treeoffsetfour=\skip46
\treeoffsetfive=\skip47
\treeoffsetsix=\skip48
\treeoffsetseven=\skip49
\treeoffseteight=\skip50
\treeoffsetnine=\skip51
\treeoffsetten=\skip52
\treeoffseteleven=\skip53
\treeoffsettwelve=\skip54
\treeoffsetthirteen=\skip55
\treeoffsetfourteen=\skip56
\treeoffsetfifteen=\skip57
\treeoffsetsixteen=\skip58
\treeoffsetseventeen=\skip59
\treeoffseteighteen=\skip60
\treeoffsetnineteen=\skip61
\treeoffsettwenty=\skip62
\treeshiftone=\skip63
\treeshifttwo=\skip64
\treeshiftthree=\skip65
\treeshiftfour=\skip66
\treeshiftfive=\skip67
\treeshiftsix=\skip68
\treeshiftseven=\skip69
\treeshifteight=\skip70
\treeshiftnine=\skip71
\treeshiftten=\skip72
\treeshifteleven=\skip73
\treeshifttwelve=\skip74
\treeshiftthirteen=\skip75
\treeshiftfourteen=\skip76
\treeshiftfifteen=\skip77
\treeshiftsixteen=\skip78
\treeshiftseventeen=\skip79
\treeshifteighteen=\skip80
\treeshiftnineteen=\skip81
\treeshifttwenty=\skip82
\treewidthone=\skip83
\treewidthtwo=\skip84
\treewidththree=\skip85
\treewidthfour=\skip86
\treewidthfive=\skip87
\treewidthsix=\skip88
\treewidthseven=\skip89
\treewidtheight=\skip90
\treewidthnine=\skip91
\treewidthten=\skip92
\treewidtheleven=\skip93
\treewidthtwelve=\skip94
\treewidththirteen=\skip95
\treewidthfourteen=\skip96
\treewidthfifteen=\skip97
\treewidthsixteen=\skip98
\treewidthseventeen=\skip99
\treewidtheighteen=\skip100
\treewidthnineteen=\skip101
\treewidthtwenty=\skip102
\daughteroffsetone=\skip103
\daughteroffsettwo=\skip104
\daughteroffsetthree=\skip105
\daughteroffsetfour=\skip106
\branchwidthone=\skip107
\branchwidthtwo=\skip108
\branchwidththree=\skip109
\branchwidthfour=\skip110
\parentoffset=\skip111
\treeoffset=\skip112
\daughteroffset=\skip113
\branchwidth=\skip114
\parentwidth=\skip115
\treewidth=\skip116
\qta=\toks15
\qtb=\toks16
\nbranches=\count90
\qroofx=\count91
\qroofy=\count92
\@qrscratchbox=\box48
) (./formulas_2.aux)
\openout1 = `formulas_2.aux'.

LaTeX Font Info:    Checking defaults for OML/cmm/m/it on input line 7.
LaTeX Font Info:    ... okay on input line 7.
LaTeX Font Info:    Checking defaults for T1/cmr/m/n on input line 7.
LaTeX Font Info:    ... okay on input line 7.
LaTeX Font Info:    Checking defaults for OT1/cmr/m/n on input line 7.
LaTeX Font Info:    ... okay on input line 7.
LaTeX Font Info:    Checking defaults for OMS/cmsy/m/n on input line 7.
LaTeX Font Info:    ... okay on input line 7.
LaTeX Font Info:    Checking defaults for OMX/cmex/m/n on input line 7.
LaTeX Font Info:    ... okay on input line 7.
LaTeX Font Info:    Checking defaults for U/cmr/m/n on input line 7.
LaTeX Font Info:    ... okay on input line 7.

(/usr/share/texmf-texlive/tex/context/base/supp-pdf.mkii
[Loading MPS to PDF converter (version 2006.09.02).]
\scratchcounter=\count93
\scratchdimen=\dimen106
\scratchbox=\box49
\nofMPsegments=\count94
\nofMParguments=\count95
\everyMPshowfont=\toks17
\MPscratchCnt=\count96
\MPscratchDim=\dimen107
\MPnumerator=\count97
\everyMPtoPDFconversion=\toks18
)
LaTeX Font Info:    External font `cmex10' loaded for size
(Font)              <14.4> on input line 11.
LaTeX Font Info:    External font `cmex10' loaded for size
(Font)              <7> on input line 11.


LaTeX Font Warning: Font shape `OT1/cmr/m/n' in size <20> not available
(Font)              size <20.74> substituted on input line 15.


LaTeX Font Warning: Font shape `OML/cmm/m/it' in size <20> not available
(Font)              size <20.74> substituted on input line 15.


LaTeX Font Warning: Font shape `OMS/cmsy/m/n' in size <20> not available
(Font)              size <20.74> substituted on input line 15.

LaTeX Font Info:    External font `cmex10' loaded for size
(Font)              <20> on input line 15.
LaTeX Font Info:    External font `cmex10' loaded for size
(Font)              <14> on input line 15.

Overfull \hbox (22.17908pt too wide) in paragraph at lines 17--31
[]$[]\OT1/cmr/m/n/20.74 (\OML/cmm/m/it/20.74 x\OT1/cmr/m/n/20.74 )$\OT1/cmr/m/n
/12 ,  $[]\OT1/cmr/m/n/20.74 (\OML/cmm/m/it/20.74 y\OT1/cmr/m/n/20.74 )$\OT1/cm
r/m/n/12 ,  $[]\OT1/cmr/m/n/20.74 (\OML/cmm/m/it/20.74 \OT1/cmr/m/n/20.74 )$\O
T1/cmr/m/n/12 ,  $[]\OT1/cmr/m/n/20.74 (\OML/cmm/m/it/20.74 ^^L\OT1/cmr/m/n/20.
74 )$\OT1/cmr/m/n/12 ,  $[]\OT1/cmr/m/n/20.74 (\OML/cmm/m/it/20.74 x\OT1/cmr/m/
n/20.74 )$\OT1/cmr/m/n/12 ,  $[]\OT1/cmr/m/n/20.74 (\OML/cmm/m/it/20.74 y\OT1/c
mr/m/n/20.74 )$\OT1/cmr/m/n/12 ,
 []

[1

{/var/lib/texmf/fonts/map/pdftex/updmap/pdftex.map}] [2] [3]
(./formulas_2.aux)

LaTeX Font Warning: Size substitutions with differences
(Font)              up to 0.74pt have occurred.

 ) 
Here is how much of TeX's memory you used:
 1061 strings out of 495028
 13125 string characters out of 1181229
 72328 words of memory out of 3000000
 4301 multiletter control sequences out of 15000+50000
 6371 words of font info for 23 fonts, out of 3000000 for 9000
 28 hyphenation exceptions out of 8191
 25i,7n,21p,220b,276s stack positions out of 5000i,500n,10000p,200000b,50000s
</usr/share/texmf-texlive/fonts/type1/public/amsfonts/cm/cmbx12.pfb></usr/sha
re/texmf-texlive/fonts/type1/public/amsfonts/cm/cmmi12.pfb></usr/share/texmf-te
xlive/fonts/type1/public/amsfonts/cm/cmr12.pfb></usr/share/texmf-texlive/fonts/
type1/public/amsfonts/cm/cmr17.pfb></usr/share/texmf-texlive/fonts/type1/public
/amsfonts/cm/cmsy10.pfb>
Output written on formulas_2.pdf (3 pages, 53221 bytes).
PDF statistics:
 32 PDF objects out of 1000 (max. 8388607)
 0 named destinations out of 1000 (max. 500000)
 1 words of extra memory for PDF output out of 10000 (max. 10000000)

